[6/2/2026, 1:07:30 a.m.] [INFO]: 🚀 Server running on http://localhost:3001
[6/2/2026, 1:07:30 a.m.] [INFO]: 📊 API available at http://localhost:3001/api
[6/2/2026, 1:07:30 a.m.] [INFO]: 🌐 Frontend available at http://localhost:3001
[6/2/2026, 1:07:30 a.m.] [INFO]: Timezone: America/Mexico_City
[6/2/2026, 1:07:30 a.m.] [INFO]: Date: 2026-02-06T07:07:30.088Z
[6/2/2026, 1:07:30 a.m.] [INFO]: Connected to SQLite database
[6/2/2026, 1:26:12 a.m.] [INFO]: 🚀 Server running on http://localhost:3001
[6/2/2026, 1:26:12 a.m.] [INFO]: 📊 API available at http://localhost:3001/api
[6/2/2026, 1:26:12 a.m.] [INFO]: 🌐 Frontend available at http://localhost:3001
[6/2/2026, 1:26:12 a.m.] [INFO]: Connected to SQLite database
[6/2/2026, 1:26:17 a.m.] [INFO]: QR Code received from WhatsApp
[6/2/2026, 1:26:21 a.m.] [INFO]: GET / 200 466 - 2.905 ms
[6/2/2026, 1:26:21 a.m.] [INFO]: GET /assets/index-BGqibZNp.js 200 290083 - 1.030 ms
[6/2/2026, 1:26:21 a.m.] [INFO]: GET /assets/index-2aKyT8H2.css 200 49362 - 0.773 ms
[6/2/2026, 1:26:21 a.m.] [INFO]: GET /api/settings 304 - - 2.194 ms
[6/2/2026, 1:26:22 a.m.] [INFO]: GET /uploads/logo-1768720675351-778727752.png 304 - - 0.792 ms
[6/2/2026, 1:26:24 a.m.] [INFO]: POST /api/login 200 66 - 62.674 ms
[6/2/2026, 1:26:24 a.m.] [INFO]: GET /api/menu 304 - - 1.074 ms
[6/2/2026, 1:26:27 a.m.] [INFO]: GET /api/menu 304 - - 0.656 ms
[6/2/2026, 1:26:28 a.m.] [INFO]: GET /api/users 304 - - 1.023 ms
[6/2/2026, 1:26:29 a.m.] [INFO]: GET /api/whatsapp/status 200 6403 - 0.476 ms
[6/2/2026, 1:26:30 a.m.] [INFO]: GET /api/reports/sales?startDate=2026-01-07&endDate=2026-02-06 200 1239 - 1.936 ms
[6/2/2026, 1:26:41 a.m.] [INFO]: GET /api/menu 304 - - 0.772 ms
[6/2/2026, 1:26:41 a.m.] [INFO]: GET /api/users 304 - - 0.918 ms
[6/2/2026, 1:26:42 a.m.] [INFO]: GET /api/menu 304 - - 0.684 ms
[6/2/2026, 1:26:43 a.m.] [INFO]: GET /api/menu 304 - - 0.720 ms
[6/2/2026, 1:27:17 a.m.] [INFO]: QR Code received from WhatsApp
[6/2/2026, 1:27:23 a.m.] [INFO]: 📄 Serving index.html from: C:\Users\Jair S\Documents\Proyectos\restaurant\client\dist\index.html
[6/2/2026, 1:27:23 a.m.] [INFO]: GET /menu 200 466 - 2.219 ms
[6/2/2026, 1:27:23 a.m.] [INFO]: GET /assets/index-BGqibZNp.js 304 - - 0.465 ms
[6/2/2026, 1:27:23 a.m.] [INFO]: GET /assets/index-2aKyT8H2.css 304 - - 0.374 ms
[6/2/2026, 1:27:23 a.m.] [INFO]: GET /api/menu?type=public 200 444 - 0.982 ms
[6/2/2026, 1:27:23 a.m.] [INFO]: GET /api/settings 304 - - 0.498 ms
[6/2/2026, 1:27:33 a.m.] [INFO]: GET /api/menu?type=public 304 - - 0.680 ms
[6/2/2026, 1:27:37 a.m.] [INFO]: QR Code received from WhatsApp
[6/2/2026, 1:27:43 a.m.] [INFO]: GET /api/menu?type=public 304 - - 0.677 ms
[6/2/2026, 1:27:53 a.m.] [INFO]: GET /api/menu?type=public 304 - - 0.672 ms
[6/2/2026, 1:27:57 a.m.] [INFO]: QR Code received from WhatsApp
[6/2/2026, 1:28:03 a.m.] [INFO]: GET /api/menu?type=public 304 - - 0.593 ms
[6/2/2026, 1:28:13 a.m.] [INFO]: GET /api/menu?type=public 304 - - 0.608 ms
[6/2/2026, 1:28:17 a.m.] [INFO]: QR Code received from WhatsApp
[6/2/2026, 1:28:24 a.m.] [INFO]: GET /api/menu?type=public 304 - - 0.588 ms
[6/2/2026, 1:28:33 a.m.] [INFO]: GET /api/menu?type=public 304 - - 0.580 ms
[6/2/2026, 1:28:37 a.m.] [INFO]: QR Code received from WhatsApp
[6/2/2026, 1:28:44 a.m.] [INFO]: GET /api/menu?type=public 304 - - 0.561 ms
[6/2/2026, 1:28:53 a.m.] [INFO]: GET /api/menu?type=public 304 - - 0.589 ms
[6/2/2026, 1:29:04 a.m.] [INFO]: GET /api/menu?type=public 304 - - 0.605 ms
[6/2/2026, 1:29:23 a.m.] [INFO]: GET /api/menu?type=public 304 - - 0.865 ms
[6/2/2026, 1:29:48 a.m.] [INFO]: QR Code received from WhatsApp
[6/2/2026, 1:29:57 a.m.] [INFO]: GET /api/menu?type=public 304 - - 0.623 ms
[6/2/2026, 1:30:03 a.m.] [INFO]: GET /api/menu?type=public 304 - - 0.711 ms
[6/2/2026, 1:30:13 a.m.] [INFO]: GET /api/menu?type=public 304 - - 0.662 ms
[6/2/2026, 1:30:23 a.m.] [INFO]: GET /api/menu?type=public 304 - - 0.908 ms
[6/2/2026, 1:30:34 a.m.] [INFO]: GET /api/menu?type=public 304 - - 0.576 ms
[6/2/2026, 1:30:49 a.m.] [INFO]: 🚀 Server running on http://localhost:3001
[6/2/2026, 1:30:49 a.m.] [INFO]: 📊 API available at http://localhost:3001/api
[6/2/2026, 1:30:49 a.m.] [INFO]: 🌐 Frontend available at http://localhost:3001
[6/2/2026, 1:30:49 a.m.] [INFO]: Connected to SQLite database
[6/2/2026, 1:30:53 a.m.] [INFO]: GET / 200 466 - 2.589 ms
[6/2/2026, 1:30:53 a.m.] [INFO]: GET /assets/index-D1Ih0mtw.js 200 290180 - 1.187 ms
[6/2/2026, 1:30:53 a.m.] [INFO]: GET /assets/index-BcHZ8gBU.css 200 50128 - 1.210 ms
[6/2/2026, 1:30:53 a.m.] [INFO]: GET /api/settings 304 - - 2.239 ms
[6/2/2026, 1:30:53 a.m.] [INFO]: GET /uploads/logo-1768720675351-778727752.png 304 - - 0.635 ms
[6/2/2026, 1:30:53 a.m.] [INFO]: GET /api/menu?type=public 304 - - 1.097 ms
[6/2/2026, 1:30:55 a.m.] [INFO]: QR Code received from WhatsApp
[6/2/2026, 1:30:58 a.m.] [INFO]: 📄 Serving index.html from: C:\Users\Jair S\Documents\Proyectos\restaurant\client\dist\index.html
[6/2/2026, 1:30:58 a.m.] [INFO]: GET /menu 200 466 - 2.669 ms
[6/2/2026, 1:30:58 a.m.] [INFO]: GET /assets/index-D1Ih0mtw.js 304 - - 0.917 ms
[6/2/2026, 1:30:58 a.m.] [INFO]: GET /assets/index-BcHZ8gBU.css 304 - - 0.565 ms
[6/2/2026, 1:30:58 a.m.] [INFO]: GET /api/menu?type=public 304 - - 1.446 ms
[6/2/2026, 1:30:58 a.m.] [INFO]: GET /api/settings 304 - - 1.856 ms
[6/2/2026, 1:30:58 a.m.] [INFO]: GET /api/uploads/logo-1768720675351-778727752.png 404 183 - 1.516 ms
[6/2/2026, 1:31:08 a.m.] [INFO]: GET /api/menu?type=public 304 - - 0.772 ms
[6/2/2026, 1:31:16 a.m.] [INFO]: 📄 Serving index.html from: C:\Users\Jair S\Documents\Proyectos\restaurant\client\dist\index.html
[6/2/2026, 1:31:16 a.m.] [INFO]: GET /menu 304 - - 1.192 ms
[6/2/2026, 1:31:16 a.m.] [INFO]: GET /assets/index-D1Ih0mtw.js 304 - - 0.571 ms
[6/2/2026, 1:31:16 a.m.] [INFO]: GET /assets/index-BcHZ8gBU.css 304 - - 0.316 ms
[6/2/2026, 1:31:16 a.m.] [INFO]: GET /api/menu?type=public 304 - - 0.935 ms
[6/2/2026, 1:31:16 a.m.] [INFO]: GET /api/settings 304 - - 0.624 ms
[6/2/2026, 1:31:16 a.m.] [INFO]: GET /api/uploads/logo-1768720675351-778727752.png 404 183 - 0.903 ms
[6/2/2026, 1:31:16 a.m.] [INFO]: GET /vite.svg 304 - - 0.531 ms
[6/2/2026, 1:31:26 a.m.] [INFO]: GET /api/menu?type=public 304 - - 0.665 ms
[6/2/2026, 1:31:36 a.m.] [INFO]: GET /api/menu?type=public 304 - - 0.977 ms
[6/2/2026, 1:31:46 a.m.] [INFO]: GET /api/menu?type=public 304 - - 0.638 ms
[6/2/2026, 1:31:55 a.m.] [INFO]: QR Code received from WhatsApp
[6/2/2026, 1:31:56 a.m.] [INFO]: GET /api/menu?type=public 304 - - 0.602 ms
[6/2/2026, 1:32:17 a.m.] [INFO]: 🚀 Server running on http://localhost:3001
[6/2/2026, 1:32:17 a.m.] [INFO]: 📊 API available at http://localhost:3001/api
[6/2/2026, 1:32:17 a.m.] [INFO]: 🌐 Frontend available at http://localhost:3001
[6/2/2026, 1:32:17 a.m.] [INFO]: Connected to SQLite database
[6/2/2026, 1:32:17 a.m.] [INFO]: GET /api/menu?type=public 304 - - 2.700 ms
[6/2/2026, 1:32:18 a.m.] [INFO]: GET / 200 466 - 2.415 ms
[6/2/2026, 1:32:18 a.m.] [INFO]: GET /assets/index-BcHZ8gBU.css 200 50128 - 1.423 ms
[6/2/2026, 1:32:18 a.m.] [INFO]: GET /assets/index-D1Ih0mtw.js 200 290180 - 1.822 ms
[6/2/2026, 1:32:18 a.m.] [INFO]: GET /api/settings 304 - - 1.110 ms
[6/2/2026, 1:32:19 a.m.] [INFO]: GET /uploads/logo-1768720675351-778727752.png 304 - - 0.569 ms
[6/2/2026, 1:32:20 a.m.] [INFO]: POST /api/login 200 66 - 60.241 ms
[6/2/2026, 1:32:20 a.m.] [INFO]: GET /api/menu 304 - - 0.717 ms
[6/2/2026, 1:32:23 a.m.] [INFO]: QR Code received from WhatsApp
[6/2/2026, 1:32:26 a.m.] [INFO]: GET /api/menu?type=public 304 - - 0.867 ms
[6/2/2026, 1:32:37 a.m.] [INFO]: GET /api/menu?type=public 304 - - 0.634 ms
[6/2/2026, 1:32:46 a.m.] [INFO]: GET /api/menu?type=public 304 - - 0.667 ms
[6/2/2026, 1:32:56 a.m.] [INFO]: POST /api/menu 201 198 - 7.437 ms
[6/2/2026, 1:32:56 a.m.] [INFO]: GET /api/menu 200 640 - 0.650 ms
[6/2/2026, 1:32:56 a.m.] [INFO]: GET /api/menu?type=public 200 640 - 1.143 ms
[6/2/2026, 1:32:59 a.m.] [INFO]: 📄 Serving index.html from: C:\Users\Jair S\Documents\Proyectos\restaurant\client\dist\index.html
[6/2/2026, 1:32:59 a.m.] [INFO]: GET /menu 200 466 - 2.392 ms
[6/2/2026, 1:32:59 a.m.] [INFO]: GET /assets/index-D1Ih0mtw.js 304 - - 0.515 ms
[6/2/2026, 1:32:59 a.m.] [INFO]: GET /assets/index-BcHZ8gBU.css 304 - - 0.294 ms
[6/2/2026, 1:32:59 a.m.] [INFO]: GET /api/menu?type=public 304 - - 1.416 ms
[6/2/2026, 1:32:59 a.m.] [INFO]: GET /api/settings 304 - - 1.820 ms
[6/2/2026, 1:32:59 a.m.] [INFO]: GET /api/uploads/logo-1768720675351-778727752.png 404 183 - 1.148 ms
[6/2/2026, 1:33:09 a.m.] [INFO]: GET /api/menu?type=public 304 - - 1.127 ms
[6/2/2026, 1:33:19 a.m.] [INFO]: GET /api/menu?type=public 304 - - 0.694 ms
[6/2/2026, 1:33:22 a.m.] [INFO]: QR Code received from WhatsApp
[6/2/2026, 1:33:29 a.m.] [INFO]: 🚀 Server running on http://localhost:3001
[6/2/2026, 1:33:29 a.m.] [INFO]: 📊 API available at http://localhost:3001/api
[6/2/2026, 1:33:29 a.m.] [INFO]: 🌐 Frontend available at http://localhost:3001
[6/2/2026, 1:33:29 a.m.] [INFO]: Connected to SQLite database
[6/2/2026, 1:33:30 a.m.] [INFO]: GET /api/menu?type=public 304 - - 2.539 ms
[6/2/2026, 1:33:30 a.m.] [INFO]: GET /api 404 142 - 2.870 ms
[6/2/2026, 1:33:34 a.m.] [INFO]: QR Code received from WhatsApp
[6/2/2026, 1:33:36 a.m.] [INFO]: GET / 200 466 - 2.523 ms
[6/2/2026, 1:33:36 a.m.] [INFO]: GET /assets/index-MENFzRlx.js 200 290259 - 0.767 ms
[6/2/2026, 1:33:36 a.m.] [INFO]: GET /assets/index-CkUioXKt.css 200 51464 - 1.086 ms
[6/2/2026, 1:33:37 a.m.] [INFO]: GET /api/settings 304 - - 1.181 ms
[6/2/2026, 1:33:37 a.m.] [INFO]: GET /uploads/logo-1768720675351-778727752.png 304 - - 0.768 ms
[6/2/2026, 1:33:39 a.m.] [INFO]: GET /api/menu?type=public 304 - - 0.671 ms
[6/2/2026, 1:33:40 a.m.] [INFO]: 📄 Serving index.html from: C:\Users\Jair S\Documents\Proyectos\restaurant\client\dist\index.html
[6/2/2026, 1:33:40 a.m.] [INFO]: GET /menu 200 466 - 1.782 ms
[6/2/2026, 1:33:40 a.m.] [INFO]: GET /assets/index-MENFzRlx.js 304 - - 0.410 ms
[6/2/2026, 1:33:40 a.m.] [INFO]: GET /assets/index-CkUioXKt.css 304 - - 0.407 ms
[6/2/2026, 1:33:40 a.m.] [INFO]: GET /api/menu?type=public 304 - - 0.682 ms
[6/2/2026, 1:33:40 a.m.] [INFO]: GET /api/settings 304 - - 0.639 ms
[6/2/2026, 1:33:40 a.m.] [INFO]: GET /uploads/logo-1768720675351-778727752.png 304 - - 0.538 ms
[6/2/2026, 1:33:50 a.m.] [INFO]: GET /api/menu?type=public 304 - - 0.780 ms
[6/2/2026, 1:33:50 a.m.] [INFO]: GET /api/menu?type=public 304 - - 0.672 ms
[6/2/2026, 1:33:59 a.m.] [INFO]: GET /api/menu?type=public 304 - - 0.723 ms
[6/2/2026, 1:34:00 a.m.] [INFO]: GET /api/menu?type=public 304 - - 0.762 ms
[6/2/2026, 1:34:10 a.m.] [INFO]: GET /api/menu?type=public 304 - - 0.661 ms
[6/2/2026, 1:34:10 a.m.] [INFO]: GET /api/menu?type=public 304 - - 0.761 ms
[6/2/2026, 1:34:19 a.m.] [INFO]: GET /api/menu?type=public 304 - - 1.346 ms
[6/2/2026, 1:34:20 a.m.] [INFO]: GET /api/menu?type=public 304 - - 0.792 ms
[6/2/2026, 1:34:31 a.m.] [INFO]: GET /api/menu?type=public 304 - - 0.580 ms
[6/2/2026, 1:34:34 a.m.] [INFO]: QR Code received from WhatsApp
[6/2/2026, 1:34:40 a.m.] [INFO]: GET /api/menu?type=public 304 - - 0.589 ms
[6/2/2026, 1:34:51 a.m.] [INFO]: GET /api/menu?type=public 304 - - 0.575 ms
[6/2/2026, 1:34:54 a.m.] [INFO]: QR Code received from WhatsApp
[6/2/2026, 1:35:00 a.m.] [INFO]: GET /api/menu?type=public 304 - - 0.576 ms
[6/2/2026, 1:35:10 a.m.] [INFO]: GET /api/menu?type=public 304 - - 0.581 ms
[6/2/2026, 1:35:14 a.m.] [INFO]: QR Code received from WhatsApp
[6/2/2026, 1:35:20 a.m.] [INFO]: GET /api/menu?type=public 304 - - 0.613 ms
[6/2/2026, 1:35:22 a.m.] [INFO]: GET /api/menu?type=public 304 - - 0.619 ms
[6/2/2026, 1:35:31 a.m.] [INFO]: GET /api/menu?type=public 304 - - 0.578 ms
[6/2/2026, 1:35:34 a.m.] [INFO]: QR Code received from WhatsApp
[6/2/2026, 1:35:40 a.m.] [INFO]: GET /api/menu?type=public 304 - - 0.784 ms
[6/2/2026, 1:35:49 a.m.] [INFO]: GET / 200 466 - 0.762 ms
[6/2/2026, 1:35:49 a.m.] [INFO]: GET /vite.svg 304 - - 0.454 ms
[6/2/2026, 1:35:49 a.m.] [INFO]: 📄 Serving index.html from: C:\Users\Jair S\Documents\Proyectos\restaurant\client\dist\index.html
[6/2/2026, 1:35:49 a.m.] [INFO]: 📄 Serving index.html from: C:\Users\Jair S\Documents\Proyectos\restaurant\client\dist\index.html
[6/2/2026, 1:35:49 a.m.] [INFO]: GET /assets/index-B8VC34lW.css 200 466 - 1.497 ms
[6/2/2026, 1:35:49 a.m.] [INFO]: GET /assets/index-CsxAPN9D.js 200 466 - 2.156 ms
[6/2/2026, 1:35:49 a.m.] [INFO]: GET /uploads/logo-1768720675351-778727752.png 304 - - 0.778 ms
[6/2/2026, 1:35:49 a.m.] [INFO]: GET /assets/index-MENFzRlx.js 200 290259 - 0.494 ms
[6/2/2026, 1:35:49 a.m.] [INFO]: GET /assets/index-CkUioXKt.css 200 51464 - 0.599 ms
[6/2/2026, 1:35:49 a.m.] [INFO]: GET /api/settings 304 - - 0.627 ms
[6/2/2026, 1:35:51 a.m.] [INFO]: GET /api/menu?type=public 304 - - 0.563 ms
[6/2/2026, 1:35:54 a.m.] [INFO]: 📄 Serving index.html from: C:\Users\Jair S\Documents\Proyectos\restaurant\client\dist\index.html
[6/2/2026, 1:35:54 a.m.] [INFO]: GET /menu 200 466 - 1.406 ms
[6/2/2026, 1:35:54 a.m.] [INFO]: QR Code received from WhatsApp
[6/2/2026, 1:35:54 a.m.] [INFO]: GET /assets/index-CkUioXKt.css 304 - - 0.433 ms
[6/2/2026, 1:35:54 a.m.] [INFO]: GET /assets/index-MENFzRlx.js 304 - - 0.257 ms
[6/2/2026, 1:35:54 a.m.] [INFO]: GET /api/menu?type=public 200 640 - 0.842 ms
[6/2/2026, 1:35:54 a.m.] [INFO]: GET /api/settings 304 - - 1.132 ms
[6/2/2026, 1:35:54 a.m.] [INFO]: GET /uploads/logo-1768720675351-778727752.png 304 - - 0.332 ms
[6/2/2026, 1:36:00 a.m.] [INFO]: GET /api/menu?type=public 304 - - 0.563 ms
[6/2/2026, 1:36:04 a.m.] [INFO]: GET /api/menu?type=public 304 - - 0.544 ms
[6/2/2026, 1:36:11 a.m.] [INFO]: GET /api/menu?type=public 304 - - 0.571 ms
[6/2/2026, 1:36:14 a.m.] [INFO]: GET /api/menu?type=public 304 - - 0.635 ms
[6/2/2026, 1:36:20 a.m.] [INFO]: GET /api/menu?type=public 304 - - 0.673 ms
[6/2/2026, 1:36:22 a.m.] [INFO]: GET /api/menu?type=public 304 - - 0.651 ms
[6/2/2026, 1:37:04 a.m.] [INFO]: QR Code received from WhatsApp
[6/2/2026, 1:37:14 a.m.] [INFO]: 🚀 Server running on http://localhost:3001
[6/2/2026, 1:37:14 a.m.] [INFO]: 📊 API available at http://localhost:3001/api
[6/2/2026, 1:37:14 a.m.] [INFO]: 🌐 Frontend available at http://localhost:3001
[6/2/2026, 1:37:14 a.m.] [INFO]: Connected to SQLite database
[6/2/2026, 1:37:16 a.m.] [INFO]: GET / 200 466 - 2.765 ms
[6/2/2026, 1:37:16 a.m.] [INFO]: GET /assets/index-CNjNUqUr.js 200 290259 - 1.369 ms
[6/2/2026, 1:37:16 a.m.] [INFO]: GET /assets/index-D-2slQIq.css 200 50225 - 0.859 ms
[6/2/2026, 1:37:16 a.m.] [INFO]: GET /api/settings 304 - - 2.509 ms
[6/2/2026, 1:37:16 a.m.] [INFO]: GET /uploads/logo-1768720675351-778727752.png 304 - - 0.595 ms
[6/2/2026, 1:37:19 a.m.] [INFO]: 📄 Serving index.html from: C:\Users\Jair S\Documents\Proyectos\restaurant\client\dist\index.html
[6/2/2026, 1:37:19 a.m.] [INFO]: GET /menu 200 466 - 2.184 ms
[6/2/2026, 1:37:19 a.m.] [INFO]: GET /assets/index-CNjNUqUr.js 304 - - 0.567 ms
[6/2/2026, 1:37:19 a.m.] [INFO]: GET /assets/index-D-2slQIq.css 304 - - 0.343 ms
[6/2/2026, 1:37:20 a.m.] [INFO]: GET /api/menu?type=public 304 - - 3.932 ms
[6/2/2026, 1:37:20 a.m.] [INFO]: GET /api/settings 304 - - 3.396 ms
[6/2/2026, 1:37:20 a.m.] [INFO]: GET /uploads/logo-1768720675351-778727752.png 304 - - 0.365 ms
[6/2/2026, 1:37:20 a.m.] [INFO]: QR Code received from WhatsApp
[6/2/2026, 1:37:22 a.m.] [INFO]: GET /api/menu?type=public 304 - - 1.020 ms
[6/2/2026, 1:37:22 a.m.] [INFO]: GET /api/menu?type=public 304 - - 0.768 ms
[6/2/2026, 1:37:30 a.m.] [INFO]: GET /api/menu?type=public 304 - - 0.777 ms
[6/2/2026, 1:37:41 a.m.] [INFO]: GET /api/menu?type=public 304 - - 0.634 ms
[6/2/2026, 1:37:50 a.m.] [INFO]: GET /api/menu?type=public 304 - - 0.927 ms
[6/2/2026, 1:38:01 a.m.] [INFO]: GET /api/menu?type=public 304 - - 0.753 ms
[6/2/2026, 1:38:10 a.m.] [INFO]: GET /api/menu?type=public 304 - - 0.830 ms
[6/2/2026, 1:38:20 a.m.] [INFO]: QR Code received from WhatsApp
[6/2/2026, 1:38:21 a.m.] [INFO]: GET /api/menu?type=public 304 - - 0.739 ms
[6/2/2026, 1:38:22 a.m.] [INFO]: GET /api/menu?type=public 304 - - 0.907 ms
[6/2/2026, 1:38:22 a.m.] [INFO]: GET /api/menu?type=public 304 - - 0.600 ms
[6/2/2026, 1:38:30 a.m.] [INFO]: GET /api/menu?type=public 304 - - 0.827 ms
[6/2/2026, 1:38:38 a.m.] [INFO]: 🚀 Server running on http://localhost:3001
[6/2/2026, 1:38:38 a.m.] [INFO]: 📊 API available at http://localhost:3001/api
[6/2/2026, 1:38:38 a.m.] [INFO]: 🌐 Frontend available at http://localhost:3001
[6/2/2026, 1:38:38 a.m.] [INFO]: Connected to SQLite database
[6/2/2026, 1:38:40 a.m.] [INFO]: GET / 200 466 - 2.532 ms
[6/2/2026, 1:38:40 a.m.] [INFO]: GET /assets/index-C0A5mcyX.js 200 290785 - 1.065 ms
[6/2/2026, 1:38:40 a.m.] [INFO]: GET /assets/index-CVy5dHCe.css 200 50745 - 1.148 ms
[6/2/2026, 1:38:40 a.m.] [INFO]: GET /api/settings 304 - - 2.100 ms
[6/2/2026, 1:38:40 a.m.] [INFO]: GET /uploads/logo-1768720675351-778727752.png 304 - - 0.691 ms
[6/2/2026, 1:38:43 a.m.] [INFO]: QR Code received from WhatsApp
[6/2/2026, 1:38:45 a.m.] [INFO]: 📄 Serving index.html from: C:\Users\Jair S\Documents\Proyectos\restaurant\client\dist\index.html
[6/2/2026, 1:38:45 a.m.] [INFO]: GET /menu 200 466 - 1.964 ms
[6/2/2026, 1:38:45 a.m.] [INFO]: GET /assets/index-C0A5mcyX.js 304 - - 0.403 ms
[6/2/2026, 1:38:45 a.m.] [INFO]: GET /assets/index-CVy5dHCe.css 304 - - 0.359 ms
[6/2/2026, 1:38:45 a.m.] [INFO]: GET /api/menu?type=public 304 - - 2.188 ms
[6/2/2026, 1:38:45 a.m.] [INFO]: GET /api/settings 304 - - 1.830 ms
[6/2/2026, 1:38:45 a.m.] [INFO]: GET /uploads/logo-1768720675351-778727752.png 304 - - 0.581 ms
[6/2/2026, 1:38:54 a.m.] [INFO]: GET /api/menu?type=public 304 - - 0.605 ms
[6/2/2026, 1:38:55 a.m.] [INFO]: GET /api/menu?type=public 304 - - 0.629 ms
[6/2/2026, 1:38:55 a.m.] [INFO]: 📄 Serving index.html from: C:\Users\Jair S\Documents\Proyectos\restaurant\client\dist\index.html
[6/2/2026, 1:38:55 a.m.] [INFO]: GET /menu 200 466 - 1.694 ms
[6/2/2026, 1:38:55 a.m.] [INFO]: GET /assets/index-C0A5mcyX.js 200 290785 - 0.751 ms
[6/2/2026, 1:38:55 a.m.] [INFO]: GET /assets/index-CVy5dHCe.css 200 50745 - 0.789 ms
[6/2/2026, 1:38:55 a.m.] [INFO]: GET /api/menu?type=public 304 - - 1.059 ms
[6/2/2026, 1:38:55 a.m.] [INFO]: GET /api/settings 304 - - 1.400 ms
[6/2/2026, 1:38:55 a.m.] [INFO]: GET /uploads/logo-1768720675351-778727752.png 304 - - 0.459 ms
[6/2/2026, 1:39:05 a.m.] [INFO]: GET /api/menu?type=public 304 - - 0.611 ms
[6/2/2026, 1:39:05 a.m.] [INFO]: GET /api/menu?type=public 304 - - 0.734 ms
[6/2/2026, 1:39:15 a.m.] [INFO]: GET /api/menu?type=public 304 - - 0.700 ms
[6/2/2026, 1:39:23 a.m.] [INFO]: GET /api/menu?type=public 304 - - 0.743 ms
[6/2/2026, 1:39:23 a.m.] [INFO]: GET /api/menu?type=public 304 - - 0.950 ms
[6/2/2026, 1:39:23 a.m.] [INFO]: GET /api/menu?type=public 304 - - 0.566 ms
[6/2/2026, 1:39:25 a.m.] [INFO]: GET /api/menu?type=public 304 - - 0.725 ms
[6/2/2026, 1:39:35 a.m.] [INFO]: GET /api/menu?type=public 304 - - 0.601 ms
[6/2/2026, 1:39:43 a.m.] [INFO]: QR Code received from WhatsApp
[6/2/2026, 1:39:46 a.m.] [INFO]: GET /api/menu?type=public 304 - - 0.577 ms
[6/2/2026, 1:39:55 a.m.] [INFO]: GET /api/menu?type=public 304 - - 0.683 ms
[6/2/2026, 1:40:03 a.m.] [INFO]: QR Code received from WhatsApp
[6/2/2026, 1:40:06 a.m.] [INFO]: GET /api/menu?type=public 304 - - 0.563 ms
[6/2/2026, 1:40:15 a.m.] [INFO]: GET /api/menu?type=public 304 - - 0.565 ms
[6/2/2026, 1:40:23 a.m.] [INFO]: GET /api/menu?type=public 304 - - 0.562 ms
[6/2/2026, 1:40:23 a.m.] [INFO]: GET /api/menu?type=public 304 - - 0.453 ms
[6/2/2026, 1:40:23 a.m.] [INFO]: GET /api/menu?type=public 304 - - 0.376 ms
[6/2/2026, 1:40:23 a.m.] [INFO]: QR Code received from WhatsApp
[6/2/2026, 1:40:43 a.m.] [INFO]: QR Code received from WhatsApp
[6/2/2026, 1:40:50 a.m.] [INFO]: 🚀 Server running on http://localhost:3001
[6/2/2026, 1:40:50 a.m.] [INFO]: 📊 API available at http://localhost:3001/api
[6/2/2026, 1:40:50 a.m.] [INFO]: 🌐 Frontend available at http://localhost:3001
[6/2/2026, 1:40:50 a.m.] [INFO]: Connected to SQLite database
[6/2/2026, 1:40:52 a.m.] [INFO]: GET / 200 466 - 2.571 ms
[6/2/2026, 1:40:52 a.m.] [INFO]: GET /assets/index-XkFS_DfH.js 200 290618 - 1.528 ms
[6/2/2026, 1:40:52 a.m.] [INFO]: GET /assets/index-CVy5dHCe.css 200 50745 - 0.755 ms
[6/2/2026, 1:40:52 a.m.] [INFO]: GET /api/settings 304 - - 1.997 ms
[6/2/2026, 1:40:52 a.m.] [INFO]: GET /uploads/logo-1768720675351-778727752.png 304 - - 0.916 ms
[6/2/2026, 1:40:53 a.m.] [INFO]: GET /api/menu?type=public 304 - - 1.335 ms
[6/2/2026, 1:40:54 a.m.] [INFO]: QR Code received from WhatsApp
[6/2/2026, 1:40:55 a.m.] [INFO]: 📄 Serving index.html from: C:\Users\Jair S\Documents\Proyectos\restaurant\client\dist\index.html
[6/2/2026, 1:40:55 a.m.] [INFO]: GET /menu 200 466 - 2.064 ms
[6/2/2026, 1:40:55 a.m.] [INFO]: GET /assets/index-XkFS_DfH.js 304 - - 0.402 ms
[6/2/2026, 1:40:55 a.m.] [INFO]: GET /assets/index-CVy5dHCe.css 304 - - 0.463 ms
[6/2/2026, 1:40:55 a.m.] [INFO]: GET /api/menu?type=public 304 - - 1.152 ms
[6/2/2026, 1:40:55 a.m.] [INFO]: GET /api/settings 304 - - 1.620 ms
[6/2/2026, 1:40:55 a.m.] [INFO]: GET /uploads/logo-1768720675351-778727752.png 304 - - 0.855 ms
[6/2/2026, 1:40:55 a.m.] [INFO]: GET /vite.svg 304 - - 1.296 ms
[6/2/2026, 1:41:05 a.m.] [INFO]: GET /api/menu?type=public 304 - - 0.868 ms
[6/2/2026, 1:41:16 a.m.] [INFO]: GET /api/menu?type=public 304 - - 0.650 ms
[6/2/2026, 1:41:22 a.m.] [INFO]: GET /api/menu?type=public 304 - - 0.725 ms
[6/2/2026, 1:41:22 a.m.] [INFO]: GET /api/menu?type=public 304 - - 0.545 ms
[6/2/2026, 1:41:22 a.m.] [INFO]: GET /api/menu?type=public 304 - - 0.573 ms
[6/2/2026, 1:41:25 a.m.] [INFO]: GET /api/menu?type=public 304 - - 0.638 ms
[6/2/2026, 1:41:36 a.m.] [INFO]: GET /api/menu?type=public 304 - - 0.714 ms
[6/2/2026, 1:41:45 a.m.] [INFO]: GET /api/menu?type=public 304 - - 0.600 ms
[6/2/2026, 1:41:54 a.m.] [INFO]: QR Code received from WhatsApp
[6/2/2026, 1:41:56 a.m.] [INFO]: GET /api/menu?type=public 304 - - 0.596 ms
[6/2/2026, 1:42:05 a.m.] [INFO]: GET /api/menu?type=public 304 - - 0.617 ms
[6/2/2026, 1:42:14 a.m.] [INFO]: QR Code received from WhatsApp
[6/2/2026, 1:42:23 a.m.] [INFO]: GET /api/menu?type=public 304 - - 0.553 ms
[6/2/2026, 1:42:23 a.m.] [INFO]: GET /api/menu?type=public 304 - - 0.475 ms
[6/2/2026, 1:42:23 a.m.] [INFO]: GET /api/menu?type=public 304 - - 0.378 ms
[6/2/2026, 1:42:23 a.m.] [INFO]: GET /api/menu?type=public 304 - - 0.353 ms
[6/2/2026, 1:42:34 a.m.] [INFO]: QR Code received from WhatsApp
[6/2/2026, 1:42:54 a.m.] [INFO]: QR Code received from WhatsApp
[6/2/2026, 1:43:14 a.m.] [INFO]: QR Code received from WhatsApp
[6/2/2026, 1:43:17 a.m.] [INFO]: GET /api/menu?type=public 304 - - 0.756 ms
[6/2/2026, 1:43:22 a.m.] [INFO]: GET /api/menu?type=public 304 - - 0.603 ms
[6/2/2026, 1:43:22 a.m.] [INFO]: GET /api/menu?type=public 304 - - 0.441 ms
[6/2/2026, 1:43:22 a.m.] [INFO]: GET /api/menu?type=public 304 - - 0.389 ms
[6/2/2026, 1:43:25 a.m.] [INFO]: GET /api/menu?type=public 304 - - 0.612 ms
[6/2/2026, 1:43:36 a.m.] [INFO]: GET /api/menu?type=public 304 - - 0.659 ms
[6/2/2026, 1:43:45 a.m.] [INFO]: GET /api/menu?type=public 304 - - 0.574 ms
[6/2/2026, 1:43:56 a.m.] [INFO]: GET /api/menu?type=public 304 - - 0.571 ms
[6/2/2026, 1:44:05 a.m.] [INFO]: GET /api/menu?type=public 304 - - 0.572 ms
[6/2/2026, 1:44:15 a.m.] [INFO]: GET /api/menu?type=public 304 - - 0.558 ms
[6/2/2026, 1:44:16 a.m.] [INFO]: GET /api/menu?type=public 304 - - 0.918 ms
[6/2/2026, 1:44:22 a.m.] [INFO]: GET /api/menu?type=public 304 - - 0.726 ms
[6/2/2026, 1:44:22 a.m.] [INFO]: GET /api/menu?type=public 304 - - 0.491 ms
[6/2/2026, 1:44:22 a.m.] [INFO]: GET /api/menu?type=public 304 - - 0.406 ms
[6/2/2026, 1:44:25 a.m.] [INFO]: QR Code received from WhatsApp
[6/2/2026, 1:44:25 a.m.] [INFO]: GET /api/menu?type=public 304 - - 0.887 ms
[6/2/2026, 1:44:35 a.m.] [INFO]: GET /api/menu?type=public 304 - - 0.571 ms
[6/2/2026, 1:44:41 a.m.] [INFO]: 📄 Serving index.html from: C:\Users\Jair S\Documents\Proyectos\restaurant\client\dist\index.html
[6/2/2026, 1:44:41 a.m.] [INFO]: GET /menu 200 466 - 1.492 ms
[6/2/2026, 1:44:41 a.m.] [INFO]: GET /assets/index-XkFS_DfH.js 200 290618 - 0.799 ms
[6/2/2026, 1:44:41 a.m.] [INFO]: GET /assets/index-CVy5dHCe.css 200 50745 - 0.579 ms
[6/2/2026, 1:44:41 a.m.] [INFO]: GET /api/menu?type=public 304 - - 0.630 ms
[6/2/2026, 1:44:41 a.m.] [INFO]: GET /api/settings 304 - - 0.376 ms
[6/2/2026, 1:44:41 a.m.] [INFO]: GET /uploads/logo-1768720675351-778727752.png 304 - - 0.314 ms
[6/2/2026, 1:44:51 a.m.] [INFO]: GET /api/menu?type=public 304 - - 0.545 ms
[6/2/2026, 1:45:01 a.m.] [INFO]: GET /api/menu?type=public 304 - - 0.579 ms
[6/2/2026, 1:45:11 a.m.] [INFO]: GET /api/menu?type=public 304 - - 0.636 ms
[6/2/2026, 1:45:23 a.m.] [INFO]: GET /api/menu?type=public 304 - - 0.548 ms
[6/2/2026, 1:45:23 a.m.] [INFO]: GET /api/menu?type=public 304 - - 0.470 ms
[6/2/2026, 1:45:23 a.m.] [INFO]: GET /api/menu?type=public 304 - - 0.406 ms
[6/2/2026, 1:45:23 a.m.] [INFO]: GET /api/menu?type=public 304 - - 0.364 ms
[6/2/2026, 1:45:25 a.m.] [INFO]: QR Code received from WhatsApp
[6/2/2026, 1:45:45 a.m.] [INFO]: QR Code received from WhatsApp
[6/2/2026, 1:47:27 a.m.] [INFO]: 🚀 Server running on http://localhost:3001
[6/2/2026, 1:47:27 a.m.] [INFO]: 📊 API available at http://localhost:3001/api
[6/2/2026, 1:47:27 a.m.] [INFO]: 🌐 Frontend available at http://localhost:3001
[6/2/2026, 1:47:27 a.m.] [INFO]: Connected to SQLite database
[6/2/2026, 1:47:27 a.m.] [INFO]: GET /api/menu?type=public 500 26 - 3.924 ms
[6/2/2026, 1:47:33 a.m.] [INFO]: QR Code received from WhatsApp
[6/2/2026, 1:47:49 a.m.] [INFO]: GET /api/menu?type=public 200 1367 - 1.326 ms
[6/2/2026, 1:47:56 a.m.] [INFO]: GET /api/menu?type=public 304 - - 1.074 ms
[6/2/2026, 1:48:05 a.m.] [INFO]: GET /api/menu?type=public 304 - - 0.841 ms
[6/2/2026, 1:48:16 a.m.] [INFO]: GET /api/menu?type=public 304 - - 0.896 ms
[6/2/2026, 1:48:22 a.m.] [INFO]: GET /api/menu?type=public 304 - - 1.458 ms
[6/2/2026, 1:48:22 a.m.] [INFO]: GET /api/menu?type=public 304 - - 0.795 ms
[6/2/2026, 1:48:22 a.m.] [INFO]: GET /api/menu?type=public 304 - - 0.791 ms
[6/2/2026, 1:48:25 a.m.] [INFO]: GET /api/menu?type=public 304 - - 1.258 ms
[6/2/2026, 1:48:33 a.m.] [INFO]: QR Code received from WhatsApp
[6/2/2026, 1:48:36 a.m.] [INFO]: GET /api/menu?type=public 304 - - 0.908 ms
[6/2/2026, 1:48:45 a.m.] [INFO]: GET /api/menu?type=public 304 - - 1.007 ms
[6/2/2026, 1:48:53 a.m.] [INFO]: QR Code received from WhatsApp
[6/2/2026, 1:48:56 a.m.] [INFO]: GET /api/menu?type=public 304 - - 0.860 ms
[6/2/2026, 1:49:05 a.m.] [INFO]: GET /api/menu?type=public 304 - - 0.969 ms
[6/2/2026, 1:49:13 a.m.] [INFO]: QR Code received from WhatsApp
[6/2/2026, 1:49:16 a.m.] [INFO]: GET /api/menu?type=public 304 - - 0.841 ms
[6/2/2026, 1:49:22 a.m.] [INFO]: GET /api/menu?type=public 304 - - 1.065 ms
[6/2/2026, 1:49:22 a.m.] [INFO]: GET /api/menu?type=public 304 - - 0.752 ms
[6/2/2026, 1:49:22 a.m.] [INFO]: GET /api/menu?type=public 304 - - 0.677 ms
[6/2/2026, 1:49:25 a.m.] [INFO]: GET /api/menu?type=public 304 - - 0.950 ms
[6/2/2026, 1:49:33 a.m.] [INFO]: QR Code received from WhatsApp
[6/2/2026, 1:49:34 a.m.] [INFO]: 🚀 Server running on http://localhost:3001
[6/2/2026, 1:49:34 a.m.] [INFO]: 📊 API available at http://localhost:3001/api
[6/2/2026, 1:49:34 a.m.] [INFO]: 🌐 Frontend available at http://localhost:3001
[6/2/2026, 1:49:34 a.m.] [INFO]: Connected to SQLite database
[6/2/2026, 1:49:36 a.m.] [INFO]: GET /api/menu?type=public 304 - - 0.834 ms
[6/2/2026, 1:49:45 a.m.] [INFO]: GET /api/menu?type=public 304 - - 0.840 ms
[6/2/2026, 1:49:53 a.m.] [INFO]: QR Code received from WhatsApp
[6/2/2026, 1:50:16 a.m.] [INFO]: 🚀 Server running on http://localhost:3001
[6/2/2026, 1:50:16 a.m.] [INFO]: 📊 API available at http://localhost:3001/api
[6/2/2026, 1:50:16 a.m.] [INFO]: 🌐 Frontend available at http://localhost:3001
[6/2/2026, 1:50:16 a.m.] [INFO]: Connected to SQLite database
[6/2/2026, 1:50:18 a.m.] [INFO]: GET / 200 466 - 6.229 ms
[6/2/2026, 1:50:18 a.m.] [INFO]: GET /assets/index-DOcOnOh1.js 200 290957 - 1.374 ms
[6/2/2026, 1:50:18 a.m.] [INFO]: GET /assets/index-BCnqjFht.css 200 51454 - 1.644 ms
[6/2/2026, 1:50:18 a.m.] [INFO]: GET /api/settings 304 - - 2.325 ms
[6/2/2026, 1:50:18 a.m.] [INFO]: GET /uploads/logo-1768720675351-778727752.png 304 - - 0.720 ms
[6/2/2026, 1:50:20 a.m.] [INFO]: QR Code received from WhatsApp
[6/2/2026, 1:50:25 a.m.] [INFO]: 📄 Serving index.html from: C:\Users\Jair S\Documents\Proyectos\restaurant\client\dist\index.html
[6/2/2026, 1:50:25 a.m.] [INFO]: GET /menu 200 466 - 2.085 ms
[6/2/2026, 1:50:25 a.m.] [INFO]: GET /assets/index-DOcOnOh1.js 304 - - 0.509 ms
[6/2/2026, 1:50:25 a.m.] [INFO]: GET /assets/index-BCnqjFht.css 304 - - 0.428 ms
[6/2/2026, 1:50:25 a.m.] [INFO]: GET /api/menu?type=public 304 - - 1.716 ms
[6/2/2026, 1:50:25 a.m.] [INFO]: GET /api/settings 304 - - 0.591 ms
[6/2/2026, 1:50:25 a.m.] [INFO]: GET /uploads/logo-1768720675351-778727752.png 304 - - 0.569 ms
[6/2/2026, 1:50:35 a.m.] [INFO]: GET /api/menu?type=public 304 - - 0.961 ms
[6/2/2026, 1:50:36 a.m.] [INFO]: GET /uploads/logo-1768720675351-778727752.png 304 - - 0.541 ms
[6/2/2026, 1:50:39 a.m.] [INFO]: POST /api/login 200 66 - 63.113 ms
[6/2/2026, 1:50:39 a.m.] [INFO]: GET /api/menu 200 970 - 1.055 ms
[6/2/2026, 1:50:50 a.m.] [INFO]: GET /api/menu 304 - - 0.768 ms
[6/2/2026, 1:50:52 a.m.] [INFO]: GET /api/menu 304 - - 0.767 ms
[6/2/2026, 1:50:58 a.m.] [INFO]: GET / 304 - - 0.932 ms
[6/2/2026, 1:50:58 a.m.] [INFO]: GET /assets/index-DOcOnOh1.js 304 - - 0.430 ms
[6/2/2026, 1:50:58 a.m.] [INFO]: GET /assets/index-BCnqjFht.css 304 - - 0.303 ms
[6/2/2026, 1:50:58 a.m.] [INFO]: GET /api/settings 304 - - 0.961 ms
[6/2/2026, 1:50:58 a.m.] [INFO]: GET /uploads/logo-1768720675351-778727752.png 304 - - 0.424 ms
[6/2/2026, 1:50:58 a.m.] [INFO]: GET /vite.svg 304 - - 0.355 ms
[6/2/2026, 1:51:00 a.m.] [INFO]: POST /api/login 200 66 - 52.966 ms
[6/2/2026, 1:51:00 a.m.] [INFO]: GET /api/menu 304 - - 0.733 ms
[6/2/2026, 1:51:04 a.m.] [INFO]: GET / 304 - - 1.136 ms
[6/2/2026, 1:51:04 a.m.] [INFO]: GET /assets/index-DOcOnOh1.js 304 - - 0.416 ms
[6/2/2026, 1:51:04 a.m.] [INFO]: GET /assets/index-BCnqjFht.css 304 - - 0.420 ms
[6/2/2026, 1:51:04 a.m.] [INFO]: GET /api/settings 304 - - 1.038 ms
[6/2/2026, 1:51:04 a.m.] [INFO]: GET /uploads/logo-1768720675351-778727752.png 304 - - 0.620 ms
[6/2/2026, 1:51:04 a.m.] [INFO]: GET /vite.svg 304 - - 1.068 ms
[6/2/2026, 1:51:05 a.m.] [INFO]: GET / 304 - - 0.481 ms
[6/2/2026, 1:51:05 a.m.] [INFO]: GET /assets/index-DOcOnOh1.js 304 - - 0.354 ms
[6/2/2026, 1:51:05 a.m.] [INFO]: GET /assets/index-BCnqjFht.css 304 - - 0.331 ms
[6/2/2026, 1:51:05 a.m.] [INFO]: GET /api/settings 304 - - 0.694 ms
[6/2/2026, 1:51:05 a.m.] [INFO]: GET /vite.svg 304 - - 0.353 ms
[6/2/2026, 1:51:05 a.m.] [INFO]: GET /uploads/logo-1768720675351-778727752.png 304 - - 0.371 ms
[6/2/2026, 1:51:05 a.m.] [INFO]: GET / 304 - - 0.408 ms
[6/2/2026, 1:51:05 a.m.] [INFO]: GET /assets/index-DOcOnOh1.js 304 - - 0.421 ms
[6/2/2026, 1:51:05 a.m.] [INFO]: GET /assets/index-BCnqjFht.css 304 - - 0.329 ms
[6/2/2026, 1:51:05 a.m.] [INFO]: GET /api/settings 304 - - 0.726 ms
[6/2/2026, 1:51:05 a.m.] [INFO]: GET /vite.svg 304 - - 0.552 ms
[6/2/2026, 1:51:05 a.m.] [INFO]: GET /uploads/logo-1768720675351-778727752.png 304 - - 1.227 ms
[6/2/2026, 1:51:05 a.m.] [INFO]: GET / 304 - - 0.434 ms
[6/2/2026, 1:51:05 a.m.] [INFO]: GET /assets/index-DOcOnOh1.js 304 - - 0.375 ms
[6/2/2026, 1:51:06 a.m.] [INFO]: GET /assets/index-BCnqjFht.css 304 - - 0.297 ms
[6/2/2026, 1:51:06 a.m.] [INFO]: GET /api/settings 304 - - 0.769 ms
[6/2/2026, 1:51:06 a.m.] [INFO]: GET /vite.svg 304 - - 0.453 ms
[6/2/2026, 1:51:06 a.m.] [INFO]: GET /uploads/logo-1768720675351-778727752.png 304 - - 0.448 ms
[6/2/2026, 1:51:06 a.m.] [INFO]: GET / 304 - - 0.476 ms
[6/2/2026, 1:51:06 a.m.] [INFO]: GET /assets/index-DOcOnOh1.js 304 - - 0.350 ms
[6/2/2026, 1:51:06 a.m.] [INFO]: GET /assets/index-BCnqjFht.css 304 - - 0.337 ms
[6/2/2026, 1:51:06 a.m.] [INFO]: GET /api/settings 304 - - 0.626 ms
[6/2/2026, 1:51:06 a.m.] [INFO]: GET /vite.svg 304 - - 0.461 ms
[6/2/2026, 1:51:06 a.m.] [INFO]: GET /uploads/logo-1768720675351-778727752.png 304 - - 0.436 ms
[6/2/2026, 1:51:16 a.m.] [INFO]: 🚀 Server running on http://localhost:3001
[6/2/2026, 1:51:16 a.m.] [INFO]: 📊 API available at http://localhost:3001/api
[6/2/2026, 1:51:16 a.m.] [INFO]: 🌐 Frontend available at http://localhost:3001
[6/2/2026, 1:51:16 a.m.] [INFO]: Connected to SQLite database
[6/2/2026, 1:51:18 a.m.] [INFO]: GET / 200 466 - 2.650 ms
[6/2/2026, 1:51:18 a.m.] [INFO]: GET /assets/index-DOcOnOh1.js 200 290957 - 1.410 ms
[6/2/2026, 1:51:18 a.m.] [INFO]: GET /assets/index-BCnqjFht.css 200 51454 - 0.905 ms
[6/2/2026, 1:51:19 a.m.] [INFO]: GET /api/settings 304 - - 2.649 ms
[6/2/2026, 1:51:19 a.m.] [INFO]: GET /uploads/logo-1768720675351-778727752.png 304 - - 0.851 ms
[6/2/2026, 1:51:20 a.m.] [INFO]: POST /api/login 200 66 - 64.927 ms
[6/2/2026, 1:51:20 a.m.] [INFO]: GET /api/menu 304 - - 1.011 ms
[6/2/2026, 1:51:20 a.m.] [INFO]: QR Code received from WhatsApp
[6/2/2026, 1:51:25 a.m.] [INFO]: GET /api/menu 304 - - 0.653 ms
[6/2/2026, 1:51:25 a.m.] [INFO]: GET /api/users 304 - - 1.014 ms
[6/2/2026, 1:51:26 a.m.] [INFO]: GET /api/whatsapp/status 200 6275 - 0.570 ms
[6/2/2026, 1:51:27 a.m.] [INFO]: GET /api/reports/sales?startDate=2026-01-07&endDate=2026-02-06 304 - - 2.046 ms
[6/2/2026, 1:51:28 a.m.] [INFO]: GET /api/menu 304 - - 0.826 ms
[6/2/2026, 1:51:29 a.m.] [INFO]: GET /api/menu 304 - - 1.169 ms
[6/2/2026, 1:51:37 a.m.] [INFO]: 📄 Serving index.html from: C:\Users\Jair S\Documents\Proyectos\restaurant\client\dist\index.html
[6/2/2026, 1:51:37 a.m.] [INFO]: GET /promociones 200 466 - 2.254 ms
[6/2/2026, 1:51:37 a.m.] [INFO]: GET /assets/index-DOcOnOh1.js 304 - - 0.365 ms
[6/2/2026, 1:51:37 a.m.] [INFO]: GET /assets/index-BCnqjFht.css 304 - - 0.330 ms
[6/2/2026, 1:51:37 a.m.] [INFO]: GET /api/settings 304 - - 0.897 ms
[6/2/2026, 1:51:37 a.m.] [INFO]: GET /uploads/logo-1768720675351-778727752.png 304 - - 0.645 ms
[6/2/2026, 1:51:40 a.m.] [INFO]: POST /api/login 200 66 - 53.085 ms
[6/2/2026, 1:51:40 a.m.] [INFO]: GET /api/menu 304 - - 0.746 ms
[6/2/2026, 1:52:20 a.m.] [INFO]: QR Code received from WhatsApp
[6/2/2026, 1:58:50 a.m.] [INFO]: 🚀 Server running on http://localhost:3001
[6/2/2026, 1:58:50 a.m.] [INFO]: 📊 API available at http://localhost:3001/api
[6/2/2026, 1:58:50 a.m.] [INFO]: 🌐 Frontend available at http://localhost:3001
[6/2/2026, 1:58:50 a.m.] [INFO]: Connected to SQLite database
[6/2/2026, 1:58:52 a.m.] [INFO]: GET / 200 466 - 2.764 ms
[6/2/2026, 1:58:52 a.m.] [INFO]: GET /assets/index-DpkuXJRD.js 200 293138 - 1.159 ms
[6/2/2026, 1:58:52 a.m.] [INFO]: GET /assets/index-DhefOrqr.css 200 52290 - 0.662 ms
[6/2/2026, 1:58:52 a.m.] [INFO]: GET /api/settings 304 - - 3.588 ms
[6/2/2026, 1:58:52 a.m.] [INFO]: GET /uploads/logo-1768720675351-778727752.png 304 - - 0.735 ms
[6/2/2026, 1:58:55 a.m.] [INFO]: QR Code received from WhatsApp
[6/2/2026, 1:58:56 a.m.] [INFO]: POST /api/login 200 66 - 60.262 ms
[6/2/2026, 1:58:56 a.m.] [INFO]: GET /api/menu 304 - - 1.161 ms
[6/2/2026, 1:59:00 a.m.] [INFO]: GET /api/menu 304 - - 0.703 ms
[6/2/2026, 1:59:01 a.m.] [INFO]: GET /api/users 304 - - 0.963 ms
[6/2/2026, 1:59:02 a.m.] [INFO]: GET /api/whatsapp/status 200 6363 - 0.499 ms
[6/2/2026, 1:59:05 a.m.] [INFO]: GET /api/whatsapp/status 304 - - 0.335 ms
[6/2/2026, 1:59:06 a.m.] [INFO]: GET /api/reports/sales?startDate=2026-01-07&endDate=2026-02-06 304 - - 2.103 ms
[6/2/2026, 1:59:10 a.m.] [INFO]: GET /api/whatsapp/status 304 - - 0.359 ms
[6/2/2026, 1:59:11 a.m.] [INFO]: GET /api/users 304 - - 0.732 ms
[6/2/2026, 1:59:12 a.m.] [INFO]: GET /api/menu 304 - - 0.788 ms
[6/2/2026, 1:59:12 a.m.] [INFO]: GET /api/menu 304 - - 0.678 ms
[6/2/2026, 1:59:23 a.m.] [INFO]: GET /api/menu 304 - - 0.851 ms
[6/2/2026, 1:59:31 a.m.] [INFO]: GET /api/menu 304 - - 0.792 ms
[6/2/2026, 1:59:42 a.m.] [INFO]: GET /api/menu?type=public 200 1367 - 1.228 ms
[6/2/2026, 1:59:55 a.m.] [INFO]: QR Code received from WhatsApp
[6/2/2026, 2:00:05 a.m.] [INFO]: PUT /api/menu/4 200 16 - 6.520 ms
[6/2/2026, 2:00:05 a.m.] [INFO]: GET /api/menu 200 971 - 0.629 ms
[6/2/2026, 2:00:15 a.m.] [INFO]: QR Code received from WhatsApp
[6/2/2026, 2:00:16 a.m.] [INFO]: 📄 Serving index.html from: C:\Users\Jair S\Documents\Proyectos\restaurant\client\dist\index.html
[6/2/2026, 2:00:16 a.m.] [INFO]: GET /menu 200 466 - 2.123 ms
[6/2/2026, 2:00:16 a.m.] [INFO]: GET /assets/index-DpkuXJRD.js 304 - - 0.723 ms
[6/2/2026, 2:00:16 a.m.] [INFO]: GET /assets/index-DhefOrqr.css 304 - - 0.567 ms
[6/2/2026, 2:00:16 a.m.] [INFO]: GET /api/menu?type=public 200 1368 - 1.191 ms
[6/2/2026, 2:00:16 a.m.] [INFO]: GET /api/settings 304 - - 0.531 ms
[6/2/2026, 2:00:17 a.m.] [INFO]: GET /uploads/logo-1768720675351-778727752.png 304 - - 0.447 ms
[6/2/2026, 2:00:26 a.m.] [INFO]: GET /api/menu?type=public 304 - - 0.906 ms
[6/2/2026, 2:00:33 a.m.] [INFO]: GET /api/menu 304 - - 0.644 ms
[6/2/2026, 2:00:35 a.m.] [INFO]: GET /api/menu 304 - - 1.107 ms
[6/2/2026, 2:00:35 a.m.] [INFO]: QR Code received from WhatsApp
[6/2/2026, 2:00:37 a.m.] [INFO]: GET /api/menu?type=public 304 - - 1.055 ms
[6/2/2026, 2:00:48 a.m.] [INFO]: GET /api/menu?type=public 304 - - 0.735 ms
[6/2/2026, 2:00:55 a.m.] [INFO]: QR Code received from WhatsApp
[6/2/2026, 2:00:57 a.m.] [INFO]: GET /api/menu?type=public 304 - - 0.768 ms
[6/2/2026, 2:01:08 a.m.] [INFO]: GET /api/menu?type=public 304 - - 1.006 ms
[6/2/2026, 2:01:15 a.m.] [INFO]: QR Code received from WhatsApp
[6/2/2026, 2:01:17 a.m.] [INFO]: GET /api/menu?type=public 304 - - 0.811 ms
[6/2/2026, 2:01:28 a.m.] [INFO]: GET /api/menu?type=public 304 - - 0.966 ms
[6/2/2026, 2:02:24 a.m.] [INFO]: GET /api/menu?type=public 304 - - 0.910 ms
[6/2/2026, 2:02:26 a.m.] [INFO]: QR Code received from WhatsApp
[6/2/2026, 2:03:25 a.m.] [INFO]: GET /api/menu?type=public 304 - - 1.065 ms
[6/2/2026, 2:03:26 a.m.] [INFO]: QR Code received from WhatsApp
[6/2/2026, 2:03:46 a.m.] [INFO]: QR Code received from WhatsApp
[6/2/2026, 2:04:05 a.m.] [INFO]: GET /api/menu?type=public 304 - - 0.868 ms
[6/2/2026, 2:04:06 a.m.] [INFO]: QR Code received from WhatsApp
[6/2/2026, 2:04:06 a.m.] [INFO]: GET /api/menu?type=public 304 - - 0.861 ms
[6/2/2026, 2:04:15 a.m.] [INFO]: 🚀 Server running on http://localhost:3001
[6/2/2026, 2:04:15 a.m.] [INFO]: 📊 API available at http://localhost:3001/api
[6/2/2026, 2:04:15 a.m.] [INFO]: 🌐 Frontend available at http://localhost:3001
[6/2/2026, 2:04:15 a.m.] [INFO]: Connected to SQLite database
[6/2/2026, 2:04:17 a.m.] [INFO]: GET / 200 466 - 2.485 ms
[6/2/2026, 2:04:17 a.m.] [INFO]: GET /assets/index-C9Q1LAB-.js 200 299449 - 1.233 ms
[6/2/2026, 2:04:17 a.m.] [INFO]: GET /assets/index-BCSMitGy.css 200 55101 - 0.858 ms
[6/2/2026, 2:04:17 a.m.] [INFO]: GET /api/settings 304 - - 2.049 ms
[6/2/2026, 2:04:17 a.m.] [INFO]: GET /uploads/logo-1768720675351-778727752.png 304 - - 0.855 ms
[6/2/2026, 2:04:17 a.m.] [INFO]: GET /api/menu?type=public 304 - - 1.412 ms
[6/2/2026, 2:04:18 a.m.] [INFO]: POST /api/login 200 66 - 62.144 ms
[6/2/2026, 2:04:18 a.m.] [INFO]: GET /api/menu 304 - - 0.750 ms
[6/2/2026, 2:04:19 a.m.] [INFO]: QR Code received from WhatsApp
[6/2/2026, 2:04:27 a.m.] [INFO]: GET /api/menu?type=public 304 - - 1.071 ms
[6/2/2026, 2:04:29 a.m.] [INFO]: PUT /api/menu/4 200 16 - 5.992 ms
[6/2/2026, 2:04:29 a.m.] [INFO]: GET /api/menu 200 971 - 0.707 ms
[6/2/2026, 2:04:31 a.m.] [INFO]: GET /api/category-promotions 200 2 - 1.279 ms
[6/2/2026, 2:04:31 a.m.] [INFO]: GET /api/menu 304 - - 1.694 ms
[6/2/2026, 2:04:38 a.m.] [INFO]: GET /api/menu?type=public 200 1365 - 1.263 ms
[6/2/2026, 2:04:45 a.m.] [INFO]: POST /api/category-promotions 201 60 - 5.901 ms
[6/2/2026, 2:04:45 a.m.] [INFO]: GET /api/category-promotions 200 132 - 0.589 ms
[6/2/2026, 2:04:47 a.m.] [INFO]: GET /api/menu?type=public 200 1391 - 0.958 ms
[6/2/2026, 2:04:53 a.m.] [INFO]: GET /api/menu 304 - - 0.785 ms
[6/2/2026, 2:04:57 a.m.] [INFO]: GET /api/menu?type=public 304 - - 0.890 ms
[6/2/2026, 2:05:04 a.m.] [INFO]: PUT /api/menu/4 200 16 - 6.139 ms
[6/2/2026, 2:05:04 a.m.] [INFO]: GET /api/menu 200 971 - 0.615 ms
[6/2/2026, 2:05:11 a.m.] [INFO]: 📄 Serving index.html from: C:\Users\Jair S\Documents\Proyectos\restaurant\client\dist\index.html
[6/2/2026, 2:05:11 a.m.] [INFO]: GET /menu 200 466 - 1.979 ms
[6/2/2026, 2:05:12 a.m.] [INFO]: GET /assets/index-C9Q1LAB-.js 304 - - 0.752 ms
[6/2/2026, 2:05:12 a.m.] [INFO]: GET /assets/index-BCSMitGy.css 304 - - 0.672 ms
[6/2/2026, 2:05:12 a.m.] [INFO]: GET /api/menu?type=public 200 1387 - 1.076 ms
[6/2/2026, 2:05:12 a.m.] [INFO]: GET /api/settings 304 - - 0.632 ms
[6/2/2026, 2:05:12 a.m.] [INFO]: GET /uploads/logo-1768720675351-778727752.png 304 - - 0.489 ms
[6/2/2026, 2:05:19 a.m.] [INFO]: QR Code received from WhatsApp
[6/2/2026, 2:05:22 a.m.] [INFO]: GET /api/menu?type=public 304 - - 0.864 ms
[6/2/2026, 2:05:24 a.m.] [INFO]: GET /api/menu?type=public 304 - - 1.009 ms
[6/2/2026, 2:05:27 a.m.] [INFO]: GET /api/menu?type=public 304 - - 1.110 ms
[6/2/2026, 2:05:28 a.m.] [INFO]: GET /api/category-promotions 304 - - 0.719 ms
[6/2/2026, 2:05:28 a.m.] [INFO]: GET /api/menu 304 - - 0.548 ms
[6/2/2026, 2:05:31 a.m.] [INFO]: GET /api/menu 304 - - 0.693 ms
[6/2/2026, 2:05:32 a.m.] [INFO]: GET /api/category-promotions 304 - - 1.001 ms
[6/2/2026, 2:05:32 a.m.] [INFO]: GET /api/menu 304 - - 1.469 ms
[6/2/2026, 2:05:32 a.m.] [INFO]: GET /api/menu?type=public 304 - - 0.859 ms
[6/2/2026, 2:05:37 a.m.] [INFO]: GET /api/menu?type=public 304 - - 0.904 ms
[6/2/2026, 2:05:39 a.m.] [INFO]: QR Code received from WhatsApp
[6/2/2026, 2:05:42 a.m.] [INFO]: GET /api/menu?type=public 304 - - 0.911 ms
[6/2/2026, 2:05:47 a.m.] [INFO]: GET /api/menu?type=public 304 - - 0.798 ms
[6/2/2026, 2:05:52 a.m.] [INFO]: GET /api/menu?type=public 304 - - 0.802 ms
[6/2/2026, 2:05:57 a.m.] [INFO]: GET /api/menu?type=public 304 - - 0.817 ms
[6/2/2026, 2:05:59 a.m.] [INFO]: QR Code received from WhatsApp
[6/2/2026, 2:06:02 a.m.] [INFO]: GET /api/menu?type=public 304 - - 0.813 ms
[6/2/2026, 2:06:07 a.m.] [INFO]: GET /api/menu?type=public 304 - - 0.804 ms
[6/2/2026, 2:06:12 a.m.] [INFO]: GET /api/menu?type=public 304 - - 0.796 ms
[6/2/2026, 2:06:17 a.m.] [INFO]: GET /api/menu?type=public 304 - - 0.785 ms
[6/2/2026, 2:06:19 a.m.] [INFO]: QR Code received from WhatsApp
[6/2/2026, 2:06:22 a.m.] [INFO]: GET /api/menu?type=public 304 - - 0.859 ms
[6/2/2026, 2:06:39 a.m.] [INFO]: QR Code received from WhatsApp
[6/2/2026, 2:06:42 a.m.] [INFO]: GET /api/menu 304 - - 0.622 ms
[6/2/2026, 2:07:01 a.m.] [INFO]: GET /api/category-promotions 304 - - 0.716 ms
[6/2/2026, 2:07:01 a.m.] [INFO]: GET /api/menu 304 - - 0.445 ms
[6/2/2026, 2:07:11 a.m.] [INFO]: POST /api/category-promotions 201 60 - 5.611 ms
[6/2/2026, 2:07:11 a.m.] [INFO]: GET /api/category-promotions 200 263 - 0.521 ms
[6/2/2026, 2:07:20 a.m.] [INFO]: GET /api/menu?type=public 304 - - 1.316 ms
[6/2/2026, 2:07:21 a.m.] [INFO]: 📄 Serving index.html from: C:\Users\Jair S\Documents\Proyectos\restaurant\client\dist\index.html
[6/2/2026, 2:07:21 a.m.] [INFO]: GET /menu 304 - - 1.702 ms
[6/2/2026, 2:07:21 a.m.] [INFO]: GET /assets/index-C9Q1LAB-.js 304 - - 0.680 ms
[6/2/2026, 2:07:21 a.m.] [INFO]: GET /assets/index-BCSMitGy.css 304 - - 1.136 ms
[6/2/2026, 2:07:21 a.m.] [INFO]: GET /api/settings 304 - - 0.955 ms
[6/2/2026, 2:07:21 a.m.] [INFO]: GET /api/menu?type=public 304 - - 2.576 ms
[6/2/2026, 2:07:21 a.m.] [INFO]: GET /uploads/logo-1768720675351-778727752.png 304 - - 0.432 ms
[6/2/2026, 2:07:21 a.m.] [INFO]: GET /vite.svg 304 - - 0.470 ms
[6/2/2026, 2:07:24 a.m.] [INFO]: GET /api/menu?type=public 304 - - 1.066 ms
[6/2/2026, 2:07:32 a.m.] [INFO]: DELETE /api/category-promotions/1 200 53 - 7.004 ms
[6/2/2026, 2:07:32 a.m.] [INFO]: GET /api/menu?type=public 200 1384 - 0.812 ms
[6/2/2026, 2:07:32 a.m.] [INFO]: GET /api/category-promotions 200 132 - 0.457 ms
[6/2/2026, 2:07:34 a.m.] [INFO]: 📄 Serving index.html from: C:\Users\Jair S\Documents\Proyectos\restaurant\client\dist\index.html
[6/2/2026, 2:07:34 a.m.] [INFO]: GET /menu 304 - - 1.375 ms
[6/2/2026, 2:07:34 a.m.] [INFO]: GET /assets/index-C9Q1LAB-.js 304 - - 0.469 ms
[6/2/2026, 2:07:34 a.m.] [INFO]: GET /assets/index-BCSMitGy.css 304 - - 0.331 ms
[6/2/2026, 2:07:34 a.m.] [INFO]: GET /api/settings 304 - - 1.336 ms
[6/2/2026, 2:07:34 a.m.] [INFO]: GET /api/menu?type=public 304 - - 3.046 ms
[6/2/2026, 2:07:34 a.m.] [INFO]: GET /uploads/logo-1768720675351-778727752.png 304 - - 0.673 ms
[6/2/2026, 2:07:34 a.m.] [INFO]: GET /vite.svg 304 - - 1.512 ms
[6/2/2026, 2:07:44 a.m.] [INFO]: GET /api/menu?type=public 304 - - 0.856 ms
[6/2/2026, 2:07:50 a.m.] [INFO]: QR Code received from WhatsApp
[6/2/2026, 2:07:54 a.m.] [INFO]: GET /api/menu?type=public 304 - - 0.861 ms
[6/2/2026, 2:08:04 a.m.] [INFO]: GET /api/menu?type=public 304 - - 0.818 ms
[6/2/2026, 2:08:14 a.m.] [INFO]: GET /api/menu?type=public 304 - - 0.850 ms
[6/2/2026, 2:08:25 a.m.] [INFO]: GET /api/menu?type=public 304 - - 0.858 ms
[6/2/2026, 2:08:25 a.m.] [INFO]: GET /api/menu?type=public 304 - - 0.816 ms
[6/2/2026, 2:08:34 a.m.] [INFO]: GET /api/menu?type=public 304 - - 0.782 ms
[6/2/2026, 2:08:45 a.m.] [INFO]: GET /api/menu?type=public 304 - - 1.129 ms
[6/2/2026, 2:08:50 a.m.] [INFO]: QR Code received from WhatsApp
[6/2/2026, 2:08:54 a.m.] [INFO]: GET /api/menu?type=public 304 - - 0.785 ms
[6/2/2026, 2:09:05 a.m.] [INFO]: GET /api/menu?type=public 304 - - 0.858 ms
[6/2/2026, 2:09:10 a.m.] [INFO]: QR Code received from WhatsApp
[6/2/2026, 2:09:14 a.m.] [INFO]: GET /api/menu?type=public 304 - - 1.204 ms
[6/2/2026, 2:10:25 a.m.] [INFO]: 🚀 Server running on http://localhost:3001
[6/2/2026, 2:10:25 a.m.] [INFO]: 📊 API available at http://localhost:3001/api
[6/2/2026, 2:10:25 a.m.] [INFO]: 🌐 Frontend available at http://localhost:3001
[6/2/2026, 2:10:25 a.m.] [INFO]: Connected to SQLite database
[6/2/2026, 2:10:25 a.m.] [INFO]: GET /api/menu?type=public 304 - - 3.347 ms
[6/2/2026, 2:10:25 a.m.] [INFO]: GET /api/menu?type=public 304 - - 1.009 ms
[6/2/2026, 2:10:26 a.m.] [INFO]: GET / 200 466 - 2.437 ms
[6/2/2026, 2:10:26 a.m.] [INFO]: GET /assets/index-DHPZaeq1.css 200 56441 - 1.248 ms
[6/2/2026, 2:10:26 a.m.] [INFO]: GET /assets/index-Dao0N2F8.js 200 302483 - 1.544 ms
[6/2/2026, 2:10:26 a.m.] [INFO]: GET /api/settings 304 - - 1.367 ms
[6/2/2026, 2:10:26 a.m.] [INFO]: GET /uploads/logo-1768720675351-778727752.png 304 - - 0.540 ms
[6/2/2026, 2:10:27 a.m.] [INFO]: POST /api/login 200 66 - 62.670 ms
[6/2/2026, 2:10:27 a.m.] [INFO]: GET /api/menu 304 - - 1.039 ms
[6/2/2026, 2:10:30 a.m.] [INFO]: QR Code received from WhatsApp
[6/2/2026, 2:10:33 a.m.] [INFO]: GET /api/category-promotions 304 - - 1.098 ms
[6/2/2026, 2:10:33 a.m.] [INFO]: GET /api/menu 304 - - 0.685 ms
[6/2/2026, 2:10:39 a.m.] [INFO]: PUT /api/menu/4 200 16 - 12.414 ms
[6/2/2026, 2:10:39 a.m.] [INFO]: GET /api/menu 200 970 - 0.680 ms
[6/2/2026, 2:11:24 a.m.] [INFO]: GET /api/menu?type=public 200 1391 - 0.896 ms
[6/2/2026, 2:11:24 a.m.] [INFO]: GET /api/menu?type=public 304 - - 0.977 ms
[6/2/2026, 2:13:27 a.m.] [INFO]: 🚀 Server running on http://localhost:3001
[6/2/2026, 2:13:27 a.m.] [INFO]: 📊 API available at http://localhost:3001/api
[6/2/2026, 2:13:27 a.m.] [INFO]: 🌐 Frontend available at http://localhost:3001
[6/2/2026, 2:13:27 a.m.] [INFO]: Connected to SQLite database
[6/2/2026, 2:13:29 a.m.] [INFO]: GET / 200 466 - 3.510 ms
[6/2/2026, 2:13:29 a.m.] [INFO]: GET /assets/index-CE60mYxs.js 200 303475 - 1.314 ms
[6/2/2026, 2:13:29 a.m.] [INFO]: GET /assets/index-CF0cLwkv.css 200 56852 - 0.703 ms
[6/2/2026, 2:13:29 a.m.] [INFO]: GET /api/settings 304 - - 2.003 ms
[6/2/2026, 2:13:29 a.m.] [INFO]: GET /uploads/logo-1768720675351-778727752.png 304 - - 0.548 ms
[6/2/2026, 2:13:30 a.m.] [INFO]: POST /api/login 200 66 - 70.228 ms
[6/2/2026, 2:13:30 a.m.] [INFO]: GET /api/menu 304 - - 0.891 ms
[6/2/2026, 2:13:31 a.m.] [INFO]: GET /api/category-promotions 304 - - 1.950 ms
[6/2/2026, 2:13:31 a.m.] [INFO]: GET /api/menu 304 - - 1.975 ms
[6/2/2026, 2:13:33 a.m.] [INFO]: QR Code received from WhatsApp
[6/2/2026, 2:14:04 a.m.] [INFO]: PUT /api/menu/4 200 16 - 5.783 ms
[6/2/2026, 2:14:04 a.m.] [INFO]: GET /api/menu 200 976 - 0.697 ms
[6/2/2026, 2:14:24 a.m.] [INFO]: GET /api/menu?type=public 200 1389 - 1.417 ms
[6/2/2026, 2:14:24 a.m.] [INFO]: GET /api/menu?type=public 304 - - 0.897 ms
[6/2/2026, 2:14:33 a.m.] [INFO]: DELETE /api/category-promotions/2 200 53 - 6.024 ms
[6/2/2026, 2:14:33 a.m.] [INFO]: GET /api/category-promotions 200 2 - 0.568 ms
[6/2/2026, 2:14:33 a.m.] [INFO]: QR Code received from WhatsApp
[6/2/2026, 2:14:49 a.m.] [INFO]: PUT /api/menu/9 200 16 - 5.125 ms
[6/2/2026, 2:14:49 a.m.] [INFO]: GET /api/menu 200 982 - 0.603 ms
[6/2/2026, 2:14:53 a.m.] [INFO]: QR Code received from WhatsApp
[6/2/2026, 2:14:58 a.m.] [INFO]: POST /api/category-promotions 201 60 - 6.395 ms
[6/2/2026, 2:14:58 a.m.] [INFO]: GET /api/category-promotions 200 132 - 0.555 ms
[6/2/2026, 2:15:04 a.m.] [INFO]: GET /api/menu?type=public 200 1389 - 0.878 ms
[6/2/2026, 2:15:06 a.m.] [INFO]: 📄 Serving index.html from: C:\Users\Jair S\Documents\Proyectos\restaurant\client\dist\index.html
[6/2/2026, 2:15:06 a.m.] [INFO]: GET /menu 200 466 - 2.431 ms
[6/2/2026, 2:15:06 a.m.] [INFO]: GET /assets/index-CE60mYxs.js 304 - - 0.471 ms
[6/2/2026, 2:15:06 a.m.] [INFO]: GET /assets/index-CF0cLwkv.css 304 - - 0.313 ms
[6/2/2026, 2:15:07 a.m.] [INFO]: GET /api/menu?type=public 304 - - 1.062 ms
[6/2/2026, 2:15:07 a.m.] [INFO]: GET /api/settings 304 - - 0.592 ms
[6/2/2026, 2:15:07 a.m.] [INFO]: GET /uploads/logo-1768720675351-778727752.png 304 - - 1.025 ms
[6/2/2026, 2:15:13 a.m.] [INFO]: QR Code received from WhatsApp
[6/2/2026, 2:15:17 a.m.] [INFO]: GET /api/menu?type=public 304 - - 1.032 ms
[6/2/2026, 2:15:24 a.m.] [INFO]: GET /api/menu?type=public 304 - - 1.043 ms
[6/2/2026, 2:15:27 a.m.] [INFO]: GET /api/menu?type=public 304 - - 0.901 ms
[6/2/2026, 2:15:33 a.m.] [INFO]: QR Code received from WhatsApp
[6/2/2026, 2:15:37 a.m.] [INFO]: GET /api/menu?type=public 304 - - 0.842 ms
[6/2/2026, 2:15:47 a.m.] [INFO]: GET /api/menu?type=public 304 - - 1.165 ms
[6/2/2026, 2:15:53 a.m.] [INFO]: QR Code received from WhatsApp
[6/2/2026, 2:15:57 a.m.] [INFO]: GET /api/menu?type=public 304 - - 1.489 ms
[6/2/2026, 2:16:07 a.m.] [INFO]: GET /api/menu?type=public 304 - - 0.801 ms
[6/2/2026, 2:16:18 a.m.] [INFO]: GET /api/menu?type=public 304 - - 0.771 ms
[6/2/2026, 2:16:24 a.m.] [INFO]: GET /api/menu?type=public 304 - - 0.782 ms
[6/2/2026, 2:16:27 a.m.] [INFO]: GET /api/menu?type=public 304 - - 0.773 ms
[6/2/2026, 2:16:38 a.m.] [INFO]: GET /api/menu?type=public 304 - - 0.810 ms
[6/2/2026, 2:16:47 a.m.] [INFO]: GET /api/menu?type=public 304 - - 0.768 ms
[6/2/2026, 2:17:42 a.m.] [INFO]: 🚀 Server running on http://localhost:3001
[6/2/2026, 2:17:42 a.m.] [INFO]: 📊 API available at http://localhost:3001/api
[6/2/2026, 2:17:42 a.m.] [INFO]: 🌐 Frontend available at http://localhost:3001
[6/2/2026, 2:17:42 a.m.] [INFO]: Connected to SQLite database
[6/2/2026, 2:17:45 a.m.] [INFO]: 📄 Serving index.html from: C:\Users\Jair S\Documents\Proyectos\restaurant\client\dist\index.html
[6/2/2026, 2:17:45 a.m.] [INFO]: GET /menu 200 466 - 5.499 ms
[6/2/2026, 2:17:45 a.m.] [INFO]: GET /assets/index-CVi9dfDb.js 200 303648 - 1.036 ms
[6/2/2026, 2:17:45 a.m.] [INFO]: GET /assets/index-OIKZ4OSa.css 200 56960 - 2.361 ms
[6/2/2026, 2:17:45 a.m.] [INFO]: GET /api/menu?type=public 304 - - 2.903 ms
[6/2/2026, 2:17:45 a.m.] [INFO]: GET /api/settings 304 - - 1.255 ms
[6/2/2026, 2:17:45 a.m.] [INFO]: GET /vite.svg 304 - - 0.739 ms
[6/2/2026, 2:17:45 a.m.] [INFO]: GET /uploads/logo-1768720675351-778727752.png 304 - - 0.469 ms
[6/2/2026, 2:17:48 a.m.] [INFO]: QR Code received from WhatsApp
[6/2/2026, 2:17:55 a.m.] [INFO]: GET /api/menu?type=public 304 - - 1.200 ms
[6/2/2026, 2:17:56 a.m.] [INFO]: GET /api/menu?type=public 304 - - 1.075 ms
[6/2/2026, 2:18:02 a.m.] [INFO]: 📄 Serving index.html from: C:\Users\Jair S\Documents\Proyectos\restaurant\client\dist\index.html
[6/2/2026, 2:18:02 a.m.] [INFO]: GET /promociones 200 466 - 1.807 ms
[6/2/2026, 2:18:02 a.m.] [INFO]: GET /assets/index-CVi9dfDb.js 304 - - 0.947 ms
[6/2/2026, 2:18:02 a.m.] [INFO]: GET /assets/index-OIKZ4OSa.css 304 - - 1.354 ms
[6/2/2026, 2:18:02 a.m.] [INFO]: GET /api/settings 304 - - 1.621 ms
[6/2/2026, 2:18:02 a.m.] [INFO]: GET /uploads/logo-1768720675351-778727752.png 304 - - 0.976 ms
[6/2/2026, 2:18:02 a.m.] [INFO]: GET /vite.svg 304 - - 1.812 ms
[6/2/2026, 2:18:03 a.m.] [INFO]: POST /api/login 200 66 - 67.528 ms
[6/2/2026, 2:18:03 a.m.] [INFO]: GET /api/menu 304 - - 0.900 ms
[6/2/2026, 2:18:04 a.m.] [INFO]: GET /api/category-promotions 304 - - 1.425 ms
[6/2/2026, 2:18:04 a.m.] [INFO]: GET /api/menu 304 - - 1.735 ms
[6/2/2026, 2:18:05 a.m.] [INFO]: GET /api/menu?type=public 304 - - 0.945 ms
[6/2/2026, 2:18:07 a.m.] [INFO]: DELETE /api/category-promotions/3 200 53 - 6.137 ms
[6/2/2026, 2:18:07 a.m.] [INFO]: GET /api/category-promotions 200 2 - 0.466 ms
[6/2/2026, 2:18:10 a.m.] [INFO]: PUT /api/menu/9 200 16 - 5.938 ms
[6/2/2026, 2:18:10 a.m.] [INFO]: GET /api/menu 200 976 - 0.615 ms
[6/2/2026, 2:18:12 a.m.] [INFO]: 📄 Serving index.html from: C:\Users\Jair S\Documents\Proyectos\restaurant\client\dist\index.html
[6/2/2026, 2:18:12 a.m.] [INFO]: GET /menu 304 - - 1.313 ms
[6/2/2026, 2:18:12 a.m.] [INFO]: GET /assets/index-CVi9dfDb.js 304 - - 0.472 ms
[6/2/2026, 2:18:12 a.m.] [INFO]: GET /assets/index-OIKZ4OSa.css 304 - - 0.306 ms
[6/2/2026, 2:18:12 a.m.] [INFO]: GET /api/settings 304 - - 1.017 ms
[6/2/2026, 2:18:12 a.m.] [INFO]: GET /api/menu?type=public 200 1365 - 3.118 ms
[6/2/2026, 2:18:12 a.m.] [INFO]: GET /uploads/logo-1768720675351-778727752.png 304 - - 0.423 ms
[6/2/2026, 2:18:12 a.m.] [INFO]: GET /vite.svg 304 - - 0.430 ms
[6/2/2026, 2:18:23 a.m.] [INFO]: GET /api/menu?type=public 304 - - 0.840 ms
[6/2/2026, 2:18:26 a.m.] [INFO]: POST /api/category-promotions 201 60 - 5.912 ms
[6/2/2026, 2:18:26 a.m.] [INFO]: GET /api/category-promotions 200 132 - 0.526 ms
[6/2/2026, 2:18:28 a.m.] [INFO]: 📄 Serving index.html from: C:\Users\Jair S\Documents\Proyectos\restaurant\client\dist\index.html
[6/2/2026, 2:18:28 a.m.] [INFO]: GET /menu 304 - - 1.340 ms
[6/2/2026, 2:18:28 a.m.] [INFO]: GET /assets/index-CVi9dfDb.js 304 - - 0.442 ms
[6/2/2026, 2:18:28 a.m.] [INFO]: GET /assets/index-OIKZ4OSa.css 304 - - 0.334 ms
[6/2/2026, 2:18:28 a.m.] [INFO]: GET /api/settings 304 - - 0.692 ms
[6/2/2026, 2:18:28 a.m.] [INFO]: GET /api/menu?type=public 200 1389 - 2.193 ms
[6/2/2026, 2:18:28 a.m.] [INFO]: GET /uploads/logo-1768720675351-778727752.png 304 - - 0.677 ms
[6/2/2026, 2:18:28 a.m.] [INFO]: GET /vite.svg 304 - - 1.208 ms
[6/2/2026, 2:18:38 a.m.] [INFO]: GET /api/menu?type=public 304 - - 0.836 ms
[6/2/2026, 2:18:48 a.m.] [INFO]: QR Code received from WhatsApp
[6/2/2026, 2:18:48 a.m.] [INFO]: GET /api/menu?type=public 304 - - 0.972 ms
[6/2/2026, 2:18:59 a.m.] [INFO]: GET /api/menu?type=public 304 - - 0.775 ms
[6/2/2026, 2:19:08 a.m.] [INFO]: QR Code received from WhatsApp
[6/2/2026, 2:19:08 a.m.] [INFO]: GET /api/menu?type=public 304 - - 0.758 ms
[6/2/2026, 2:19:19 a.m.] [INFO]: GET /api/menu?type=public 304 - - 0.750 ms
[6/2/2026, 2:19:28 a.m.] [INFO]: QR Code received from WhatsApp
[6/2/2026, 2:19:28 a.m.] [INFO]: GET /api/menu?type=public 304 - - 0.824 ms
[6/2/2026, 2:19:39 a.m.] [INFO]: GET /api/menu?type=public 304 - - 0.823 ms
[6/2/2026, 2:19:48 a.m.] [INFO]: QR Code received from WhatsApp
[6/2/2026, 2:20:08 a.m.] [INFO]: QR Code received from WhatsApp
[6/2/2026, 2:20:24 a.m.] [INFO]: GET /api/menu?type=public 304 - - 0.900 ms
[6/2/2026, 2:21:18 a.m.] [INFO]: QR Code received from WhatsApp
[6/2/2026, 2:21:25 a.m.] [INFO]: GET /api/menu?type=public 304 - - 0.809 ms
[6/2/2026, 2:21:38 a.m.] [INFO]: 🚀 Server running on http://localhost:3001
[6/2/2026, 2:21:38 a.m.] [INFO]: 📊 API available at http://localhost:3001/api
[6/2/2026, 2:21:38 a.m.] [INFO]: 🌐 Frontend available at http://localhost:3001
[6/2/2026, 2:21:38 a.m.] [INFO]: Connected to SQLite database
[6/2/2026, 2:22:45 a.m.] [INFO]: 🚀 Server running on http://localhost:3001
[6/2/2026, 2:22:45 a.m.] [INFO]: 📊 API available at http://localhost:3001/api
[6/2/2026, 2:22:45 a.m.] [INFO]: 🌐 Frontend available at http://localhost:3001
[6/2/2026, 2:22:45 a.m.] [INFO]: Connected to SQLite database
[6/2/2026, 2:22:51 a.m.] [INFO]: QR Code received from WhatsApp
[6/2/2026, 2:23:28 a.m.] [INFO]: 📄 Serving index.html from: C:\Users\Jair S\Documents\Proyectos\restaurant\client\dist\index.html
[6/2/2026, 2:23:28 a.m.] [INFO]: GET /menu 200 466 - 4.536 ms
[6/2/2026, 2:23:28 a.m.] [INFO]: GET /assets/index-CVi9dfDb.js 200 303648 - 1.686 ms
[6/2/2026, 2:23:28 a.m.] [INFO]: GET /assets/index-OIKZ4OSa.css 200 56960 - 0.825 ms
[6/2/2026, 2:23:28 a.m.] [INFO]: GET /api/menu?type=public 200 1385 - 2.333 ms
[6/2/2026, 2:23:28 a.m.] [INFO]: GET /api/settings 304 - - 1.285 ms
[6/2/2026, 2:23:29 a.m.] [INFO]: GET /uploads/logo-1768720675351-778727752.png 304 - - 0.728 ms
[6/2/2026, 2:23:29 a.m.] [INFO]: GET /vite.svg 304 - - 1.507 ms
[6/2/2026, 2:23:39 a.m.] [INFO]: GET /api/menu?type=public 304 - - 0.929 ms
[6/2/2026, 2:23:43 a.m.] [INFO]: 🚀 Server running on http://localhost:3001
[6/2/2026, 2:23:43 a.m.] [INFO]: 📊 API available at http://localhost:3001/api
[6/2/2026, 2:23:43 a.m.] [INFO]: 🌐 Frontend available at http://localhost:3001
[6/2/2026, 2:23:43 a.m.] [INFO]: Connected to SQLite database
[6/2/2026, 2:24:05 a.m.] [INFO]: 🚀 Server running on http://localhost:3001
[6/2/2026, 2:24:05 a.m.] [INFO]: 📊 API available at http://localhost:3001/api
[6/2/2026, 2:24:05 a.m.] [INFO]: 🌐 Frontend available at http://localhost:3001
[6/2/2026, 2:24:05 a.m.] [INFO]: Connected to SQLite database
[6/2/2026, 2:24:08 a.m.] [INFO]: 📄 Serving index.html from: C:\Users\Jair S\Documents\Proyectos\restaurant\client\dist\index.html
[6/2/2026, 2:24:08 a.m.] [INFO]: GET /menu 200 466 - 4.204 ms
[6/2/2026, 2:24:08 a.m.] [INFO]: GET /assets/index-CVi9dfDb.js 200 303648 - 1.254 ms
[6/2/2026, 2:24:08 a.m.] [INFO]: GET /assets/index-OIKZ4OSa.css 200 56960 - 1.053 ms
[6/2/2026, 2:24:08 a.m.] [INFO]: GET /api/menu?type=public 304 - - 2.519 ms
[6/2/2026, 2:24:08 a.m.] [INFO]: GET /api/settings 304 - - 1.049 ms
[6/2/2026, 2:24:08 a.m.] [INFO]: GET /uploads/logo-1768720675351-778727752.png 304 - - 0.683 ms
[6/2/2026, 2:24:08 a.m.] [INFO]: GET /vite.svg 304 - - 0.391 ms
[6/2/2026, 2:24:10 a.m.] [INFO]: QR Code received from WhatsApp
[6/2/2026, 2:24:18 a.m.] [INFO]: GET /api/menu?type=public 304 - - 1.017 ms
[6/2/2026, 2:24:22 a.m.] [INFO]: 📄 Serving index.html from: C:\Users\Jair S\Documents\Proyectos\restaurant\client\dist\index.html
[6/2/2026, 2:24:22 a.m.] [INFO]: GET /promociones 200 466 - 1.899 ms
[6/2/2026, 2:24:22 a.m.] [INFO]: GET /assets/index-CVi9dfDb.js 304 - - 0.917 ms
[6/2/2026, 2:24:22 a.m.] [INFO]: GET /assets/index-OIKZ4OSa.css 304 - - 1.336 ms
[6/2/2026, 2:24:22 a.m.] [INFO]: GET /api/settings 304 - - 0.950 ms
[6/2/2026, 2:24:22 a.m.] [INFO]: GET /uploads/logo-1768720675351-778727752.png 304 - - 1.412 ms
[6/2/2026, 2:24:22 a.m.] [INFO]: GET /vite.svg 304 - - 2.068 ms
[6/2/2026, 2:24:22 a.m.] [INFO]: POST /api/login 200 66 - 63.369 ms
[6/2/2026, 2:24:22 a.m.] [INFO]: GET /api/menu 304 - - 1.064 ms
[6/2/2026, 2:24:26 a.m.] [INFO]: GET /api/category-promotions 304 - - 1.400 ms
[6/2/2026, 2:24:26 a.m.] [INFO]: GET /api/menu 304 - - 1.605 ms
[6/2/2026, 2:24:28 a.m.] [INFO]: GET /api/menu?type=public 304 - - 1.057 ms
[6/2/2026, 2:24:35 a.m.] [INFO]: PUT /api/category-promotions/4 200 53 - 6.365 ms
[6/2/2026, 2:24:35 a.m.] [INFO]: GET /api/category-promotions 200 132 - 0.736 ms
[6/2/2026, 2:24:38 a.m.] [INFO]: GET /api/menu?type=public 200 1390 - 0.936 ms
[6/2/2026, 2:24:38 a.m.] [INFO]: 📄 Serving index.html from: C:\Users\Jair S\Documents\Proyectos\restaurant\client\dist\index.html
[6/2/2026, 2:24:38 a.m.] [INFO]: GET /menu 304 - - 1.188 ms
[6/2/2026, 2:24:38 a.m.] [INFO]: GET /assets/index-CVi9dfDb.js 304 - - 0.505 ms
[6/2/2026, 2:24:38 a.m.] [INFO]: GET /assets/index-OIKZ4OSa.css 304 - - 0.355 ms
[6/2/2026, 2:24:38 a.m.] [INFO]: GET /api/settings 304 - - 0.903 ms
[6/2/2026, 2:24:38 a.m.] [INFO]: GET /api/menu?type=public 304 - - 2.538 ms
[6/2/2026, 2:24:38 a.m.] [INFO]: GET /uploads/logo-1768720675351-778727752.png 304 - - 1.441 ms
[6/2/2026, 2:24:38 a.m.] [INFO]: GET /vite.svg 304 - - 1.897 ms
[6/2/2026, 2:24:50 a.m.] [INFO]: GET /api/menu?type=public 304 - - 0.867 ms
[6/2/2026, 2:24:59 a.m.] [INFO]: GET /api/menu?type=public 304 - - 1.119 ms
[6/2/2026, 2:25:07 a.m.] [INFO]: PUT /api/menu/4 200 16 - 5.560 ms
[6/2/2026, 2:25:07 a.m.] [INFO]: GET /api/menu 200 971 - 0.599 ms
[6/2/2026, 2:25:09 a.m.] [INFO]: GET /api/menu?type=public 200 1385 - 0.910 ms
[6/2/2026, 2:25:10 a.m.] [INFO]: QR Code received from WhatsApp
[6/2/2026, 2:25:12 a.m.] [INFO]: 📄 Serving index.html from: C:\Users\Jair S\Documents\Proyectos\restaurant\client\dist\index.html
[6/2/2026, 2:25:12 a.m.] [INFO]: GET /menu 304 - - 1.507 ms
[6/2/2026, 2:25:12 a.m.] [INFO]: GET /assets/index-CVi9dfDb.js 304 - - 0.367 ms
[6/2/2026, 2:25:12 a.m.] [INFO]: GET /assets/index-OIKZ4OSa.css 304 - - 0.319 ms
[6/2/2026, 2:25:12 a.m.] [INFO]: GET /api/settings 304 - - 0.735 ms
[6/2/2026, 2:25:12 a.m.] [INFO]: GET /api/menu?type=public 304 - - 2.193 ms
[6/2/2026, 2:25:12 a.m.] [INFO]: GET /vite.svg 304 - - 0.392 ms
[6/2/2026, 2:25:12 a.m.] [INFO]: GET /uploads/logo-1768720675351-778727752.png 304 - - 0.420 ms
[6/2/2026, 2:25:22 a.m.] [INFO]: GET /api/menu?type=public 304 - - 0.835 ms
[6/2/2026, 2:25:30 a.m.] [INFO]: QR Code received from WhatsApp
[6/2/2026, 2:25:32 a.m.] [INFO]: GET /api/menu?type=public 304 - - 0.853 ms
[6/2/2026, 2:25:38 a.m.] [INFO]: POST /api/category-promotions 201 60 - 5.996 ms
[6/2/2026, 2:25:38 a.m.] [INFO]: GET /api/category-promotions 200 263 - 0.536 ms
[6/2/2026, 2:25:42 a.m.] [INFO]: GET /api/menu?type=public 304 - - 0.876 ms
[6/2/2026, 2:25:44 a.m.] [INFO]: 📄 Serving index.html from: C:\Users\Jair S\Documents\Proyectos\restaurant\client\dist\index.html
[6/2/2026, 2:25:44 a.m.] [INFO]: GET /menu 304 - - 1.339 ms
[6/2/2026, 2:25:44 a.m.] [INFO]: GET /assets/index-CVi9dfDb.js 304 - - 0.405 ms
[6/2/2026, 2:25:44 a.m.] [INFO]: GET /assets/index-OIKZ4OSa.css 304 - - 0.317 ms
[6/2/2026, 2:25:44 a.m.] [INFO]: GET /api/menu?type=public 304 - - 1.153 ms
[6/2/2026, 2:25:44 a.m.] [INFO]: GET /api/settings 304 - - 0.464 ms
[6/2/2026, 2:25:44 a.m.] [INFO]: GET /uploads/logo-1768720675351-778727752.png 304 - - 0.398 ms
[6/2/2026, 2:25:44 a.m.] [INFO]: GET /vite.svg 304 - - 0.782 ms
[6/2/2026, 2:25:50 a.m.] [INFO]: QR Code received from WhatsApp
[6/2/2026, 2:25:54 a.m.] [INFO]: GET /api/menu?type=public 304 - - 0.840 ms
[6/2/2026, 2:25:55 a.m.] [INFO]: PUT /api/category-promotions/5 200 53 - 5.470 ms
[6/2/2026, 2:25:55 a.m.] [INFO]: GET /api/category-promotions 200 263 - 0.624 ms
[6/2/2026, 2:26:01 a.m.] [INFO]: 📄 Serving index.html from: C:\Users\Jair S\Documents\Proyectos\restaurant\client\dist\index.html
[6/2/2026, 2:26:01 a.m.] [INFO]: GET /menu 304 - - 1.255 ms
[6/2/2026, 2:26:01 a.m.] [INFO]: GET /assets/index-CVi9dfDb.js 304 - - 0.613 ms
[6/2/2026, 2:26:01 a.m.] [INFO]: GET /assets/index-OIKZ4OSa.css 304 - - 1.111 ms
[6/2/2026, 2:26:01 a.m.] [INFO]: GET /api/settings 304 - - 0.821 ms
[6/2/2026, 2:26:01 a.m.] [INFO]: GET /api/menu?type=public 304 - - 2.381 ms
[6/2/2026, 2:26:01 a.m.] [INFO]: GET /vite.svg 304 - - 0.340 ms
[6/2/2026, 2:26:01 a.m.] [INFO]: GET /uploads/logo-1768720675351-778727752.png 304 - - 0.648 ms
[6/2/2026, 2:26:06 a.m.] [INFO]: PUT /api/category-promotions/4 200 53 - 5.474 ms
[6/2/2026, 2:26:06 a.m.] [INFO]: GET /api/category-promotions 200 263 - 0.628 ms
[6/2/2026, 2:26:08 a.m.] [INFO]: PUT /api/category-promotions/5 200 53 - 5.744 ms
[6/2/2026, 2:26:08 a.m.] [INFO]: GET /api/category-promotions 200 263 - 0.589 ms
[6/2/2026, 2:26:10 a.m.] [INFO]: QR Code received from WhatsApp
[6/2/2026, 2:26:11 a.m.] [INFO]: GET /api/menu?type=public 200 1384 - 0.894 ms
[6/2/2026, 2:26:22 a.m.] [INFO]: GET /api/menu?type=public 304 - - 0.795 ms
[6/2/2026, 2:26:30 a.m.] [INFO]: QR Code received from WhatsApp
[6/2/2026, 2:26:31 a.m.] [INFO]: GET /api/menu?type=public 304 - - 0.816 ms
[6/2/2026, 2:26:35 a.m.] [INFO]: PUT /api/menu/4 200 16 - 6.088 ms
[6/2/2026, 2:26:35 a.m.] [INFO]: GET /api/menu 200 971 - 0.664 ms
[6/2/2026, 2:26:41 a.m.] [INFO]: GET /api/menu?type=public 200 1389 - 0.786 ms
[6/2/2026, 2:26:45 a.m.] [INFO]: GET /api/reports/sales?startDate=2026-01-07&endDate=2026-02-06 304 - - 1.715 ms
[6/2/2026, 2:26:47 a.m.] [INFO]: GET /api/category-promotions 304 - - 0.904 ms
[6/2/2026, 2:26:47 a.m.] [INFO]: GET /api/menu 304 - - 1.602 ms
[6/2/2026, 2:26:48 a.m.] [INFO]: GET /api/whatsapp/status 200 6423 - 0.433 ms
[6/2/2026, 2:26:51 a.m.] [INFO]: GET /api/users 304 - - 0.892 ms
[6/2/2026, 2:26:51 a.m.] [INFO]: GET /api/menu?type=public 304 - - 0.931 ms
[6/2/2026, 2:26:53 a.m.] [INFO]: GET /api/menu 304 - - 1.137 ms
[6/2/2026, 2:26:54 a.m.] [INFO]: GET /api/menu 304 - - 0.760 ms
[6/2/2026, 2:27:02 a.m.] [INFO]: GET /api/menu?type=public 304 - - 0.841 ms
[6/2/2026, 2:27:11 a.m.] [INFO]: GET /api/menu?type=public 304 - - 0.752 ms
[6/2/2026, 2:27:22 a.m.] [INFO]: GET /api/menu?type=public 304 - - 0.803 ms
[6/2/2026, 2:27:31 a.m.] [INFO]: GET /api/menu?type=public 304 - - 0.788 ms
[6/2/2026, 2:27:41 a.m.] [INFO]: QR Code received from WhatsApp
[6/2/2026, 2:27:42 a.m.] [INFO]: GET /api/menu?type=public 304 - - 0.780 ms
[6/2/2026, 2:28:24 a.m.] [INFO]: GET /api/menu?type=public 304 - - 0.846 ms
[6/2/2026, 2:28:41 a.m.] [INFO]: QR Code received from WhatsApp
[6/2/2026, 2:29:01 a.m.] [INFO]: QR Code received from WhatsApp
[6/2/2026, 2:29:21 a.m.] [INFO]: QR Code received from WhatsApp
[6/2/2026, 2:29:25 a.m.] [INFO]: GET /api/menu?type=public 304 - - 0.956 ms
[6/2/2026, 2:29:41 a.m.] [INFO]: QR Code received from WhatsApp
[6/2/2026, 2:30:01 a.m.] [INFO]: QR Code received from WhatsApp
[6/2/2026, 2:30:24 a.m.] [INFO]: GET /api/menu?type=public 304 - - 1.016 ms
[6/2/2026, 2:31:11 a.m.] [INFO]: QR Code received from WhatsApp
[6/2/2026, 2:31:23 a.m.] [INFO]: 🚀 Server running on http://localhost:3001
[6/2/2026, 2:31:23 a.m.] [INFO]: 📊 API available at http://localhost:3001/api
[6/2/2026, 2:31:23 a.m.] [INFO]: 🌐 Frontend available at http://localhost:3001
[6/2/2026, 2:31:23 a.m.] [INFO]: Connected to SQLite database
[6/2/2026, 2:31:25 a.m.] [INFO]: GET /api/menu?type=public 304 - - 2.976 ms
[6/2/2026, 2:31:26 a.m.] [INFO]: 📄 Serving index.html from: C:\Users\Jair S\Documents\Proyectos\restaurant\client\dist\index.html
[6/2/2026, 2:31:26 a.m.] [INFO]: GET /promociones 200 466 - 3.565 ms
[6/2/2026, 2:31:26 a.m.] [INFO]: GET /assets/index-TdOU9A30.css 200 57795 - 1.332 ms
[6/2/2026, 2:31:26 a.m.] [INFO]: GET /assets/index-Jzrn1QFb.js 200 306090 - 1.515 ms
[6/2/2026, 2:31:26 a.m.] [INFO]: GET /api/settings 304 - - 1.389 ms
[6/2/2026, 2:31:26 a.m.] [INFO]: GET /uploads/logo-1768720675351-778727752.png 304 - - 1.167 ms
[6/2/2026, 2:31:26 a.m.] [INFO]: GET /vite.svg 304 - - 1.966 ms
[6/2/2026, 2:31:27 a.m.] [INFO]: POST /api/login 200 66 - 62.821 ms
[6/2/2026, 2:31:27 a.m.] [INFO]: GET /api/menu 304 - - 1.557 ms
[6/2/2026, 2:31:30 a.m.] [INFO]: QR Code received from WhatsApp
[6/2/2026, 2:31:33 a.m.] [INFO]: GET /api/category-promotions 304 - - 0.841 ms
[6/2/2026, 2:31:33 a.m.] [INFO]: GET /api/menu 304 - - 0.573 ms
[6/2/2026, 2:31:38 a.m.] [INFO]: GET /api/menu?type=public 304 - - 1.248 ms
[6/2/2026, 2:31:39 a.m.] [INFO]: 📄 Serving index.html from: C:\Users\Jair S\Documents\Proyectos\restaurant\client\dist\index.html
[6/2/2026, 2:31:39 a.m.] [INFO]: GET /menu 200 466 - 2.293 ms
[6/2/2026, 2:31:39 a.m.] [INFO]: GET /assets/index-Jzrn1QFb.js 304 - - 1.220 ms
[6/2/2026, 2:31:39 a.m.] [INFO]: GET /assets/index-TdOU9A30.css 304 - - 1.497 ms
[6/2/2026, 2:31:39 a.m.] [INFO]: GET /api/settings 304 - - 1.002 ms
[6/2/2026, 2:31:39 a.m.] [INFO]: GET /api/menu?type=public 304 - - 3.168 ms
[6/2/2026, 2:31:39 a.m.] [INFO]: GET /uploads/logo-1768720675351-778727752.png 304 - - 0.787 ms
[6/2/2026, 2:31:39 a.m.] [INFO]: GET /vite.svg 304 - - 1.338 ms
[6/2/2026, 2:31:44 a.m.] [INFO]: GET /api/menu 304 - - 0.789 ms
[6/2/2026, 2:31:51 a.m.] [INFO]: GET /api/menu?type=public 304 - - 0.807 ms
[6/2/2026, 2:32:00 a.m.] [INFO]: GET /api/menu?type=public 304 - - 0.950 ms
[6/2/2026, 2:32:11 a.m.] [INFO]: GET /api/menu?type=public 304 - - 0.895 ms
[6/2/2026, 2:32:20 a.m.] [INFO]: GET /api/menu?type=public 304 - - 1.138 ms
[6/2/2026, 2:32:30 a.m.] [INFO]: QR Code received from WhatsApp
[6/2/2026, 2:32:31 a.m.] [INFO]: GET /api/menu?type=public 304 - - 0.856 ms
[6/2/2026, 2:32:40 a.m.] [INFO]: GET /api/menu?type=public 304 - - 0.808 ms
[6/2/2026, 2:32:50 a.m.] [INFO]: QR Code received from WhatsApp
[6/2/2026, 2:32:58 a.m.] [INFO]: 🚀 Server running on http://localhost:3001
[6/2/2026, 2:32:58 a.m.] [INFO]: 📊 API available at http://localhost:3001/api
[6/2/2026, 2:32:58 a.m.] [INFO]: 🌐 Frontend available at http://localhost:3001
[6/2/2026, 2:32:58 a.m.] [INFO]: Connected to SQLite database
[6/2/2026, 2:33:10 a.m.] [INFO]: QR Code received from WhatsApp
[6/2/2026, 2:33:25 a.m.] [INFO]: GET /api/menu?type=public 304 - - 0.789 ms
[6/2/2026, 2:33:30 a.m.] [INFO]: QR Code received from WhatsApp
[6/2/2026, 2:33:45 a.m.] [INFO]: 🚀 Server running on http://localhost:3001
[6/2/2026, 2:33:45 a.m.] [INFO]: 📊 API available at http://localhost:3001/api
[6/2/2026, 2:33:45 a.m.] [INFO]: 🌐 Frontend available at http://localhost:3001
[6/2/2026, 2:33:45 a.m.] [INFO]: Connected to SQLite database
[6/2/2026, 2:33:50 a.m.] [INFO]: GET /api/menu 200 1389 - 2.962 ms
[6/2/2026, 2:33:50 a.m.] [INFO]: GET /api/menu 304 - - 1.281 ms
[6/2/2026, 2:33:57 a.m.] [INFO]: QR Code received from WhatsApp
[6/2/2026, 2:34:24 a.m.] [INFO]: GET /api/menu?type=public 304 - - 1.104 ms
[6/2/2026, 2:34:57 a.m.] [INFO]: QR Code received from WhatsApp
[6/2/2026, 2:35:17 a.m.] [INFO]: QR Code received from WhatsApp
[6/2/2026, 2:35:25 a.m.] [INFO]: GET /api/menu?type=public 304 - - 0.826 ms
[6/2/2026, 2:35:37 a.m.] [INFO]: QR Code received from WhatsApp
[6/2/2026, 2:35:57 a.m.] [INFO]: QR Code received from WhatsApp
[6/2/2026, 2:36:17 a.m.] [INFO]: 🚀 Server running on http://localhost:3001
[6/2/2026, 2:36:17 a.m.] [INFO]: 📊 API available at http://localhost:3001/api
[6/2/2026, 2:36:17 a.m.] [INFO]: 🌐 Frontend available at http://localhost:3001
[6/2/2026, 2:36:17 a.m.] [INFO]: Connected to SQLite database
[6/2/2026, 2:36:20 a.m.] [INFO]: 📄 Serving index.html from: C:\Users\Jair S\Documents\Proyectos\restaurant\client\dist\index.html
[6/2/2026, 2:36:20 a.m.] [INFO]: GET /promociones 200 466 - 5.525 ms
[6/2/2026, 2:36:20 a.m.] [INFO]: GET /assets/index-BEMQLecx.js 200 305528 - 1.036 ms
[6/2/2026, 2:36:20 a.m.] [INFO]: GET /assets/index-TdOU9A30.css 200 57795 - 0.867 ms
[6/2/2026, 2:36:20 a.m.] [INFO]: GET /api/settings 304 - - 2.659 ms
[6/2/2026, 2:36:20 a.m.] [INFO]: GET /vite.svg 304 - - 0.583 ms
[6/2/2026, 2:36:20 a.m.] [INFO]: GET /uploads/logo-1768720675351-778727752.png 304 - - 0.363 ms
[6/2/2026, 2:36:21 a.m.] [INFO]: POST /api/login 200 66 - 62.845 ms
[6/2/2026, 2:36:21 a.m.] [INFO]: GET /api/menu 304 - - 2.854 ms
[6/2/2026, 2:36:23 a.m.] [INFO]: QR Code received from WhatsApp
[6/2/2026, 2:36:24 a.m.] [INFO]: GET /api/menu?type=public 304 - - 1.474 ms
[6/2/2026, 2:37:22 a.m.] [INFO]: QR Code received from WhatsApp
[6/2/2026, 2:37:25 a.m.] [INFO]: GET /api/menu?type=public 304 - - 0.927 ms
[6/2/2026, 2:37:42 a.m.] [INFO]: QR Code received from WhatsApp
[6/2/2026, 2:38:02 a.m.] [INFO]: QR Code received from WhatsApp
[6/2/2026, 2:38:26 a.m.] [INFO]: 🚀 Server running on http://localhost:3001
[6/2/2026, 2:38:26 a.m.] [INFO]: 📊 API available at http://localhost:3001/api
[6/2/2026, 2:38:26 a.m.] [INFO]: 🌐 Frontend available at http://localhost:3001
[6/2/2026, 2:38:26 a.m.] [INFO]: Connected to SQLite database
[6/2/2026, 2:38:26 a.m.] [INFO]: GET /api/menu?type=public 304 - - 3.460 ms
[6/2/2026, 2:38:29 a.m.] [INFO]: 📄 Serving index.html from: C:\Users\Jair S\Documents\Proyectos\restaurant\client\dist\index.html
[6/2/2026, 2:38:29 a.m.] [INFO]: GET /promociones 200 466 - 5.450 ms
[6/2/2026, 2:38:29 a.m.] [INFO]: GET /assets/index-vgJ4HNdx.css 200 58113 - 0.930 ms
[6/2/2026, 2:38:29 a.m.] [INFO]: GET /assets/index-f8FlHiSf.js 200 305769 - 0.946 ms
[6/2/2026, 2:38:29 a.m.] [INFO]: GET /api/settings 304 - - 1.708 ms
[6/2/2026, 2:38:29 a.m.] [INFO]: GET /vite.svg 304 - - 1.021 ms
[6/2/2026, 2:38:29 a.m.] [INFO]: GET /uploads/logo-1768720675351-778727752.png 304 - - 1.767 ms
[6/2/2026, 2:38:30 a.m.] [INFO]: POST /api/login 200 66 - 67.088 ms
[6/2/2026, 2:38:30 a.m.] [INFO]: GET /api/menu 304 - - 1.754 ms
[6/2/2026, 2:38:31 a.m.] [INFO]: QR Code received from WhatsApp
